
        SELECT
            `tp`.`ID` as `id`,
            `tp`.`NickName` AS `username`,
            `tp`.`Headline` AS `headline`,
            `tp`.`Sex` AS `sex`,
            `tp`.`DateOfBirth` AS `date_of_birth`,
            `tp`.`Country` AS `country`,
                `bx_groups_main`.`title` AS `AdoptionAgency`,
            `tp`.`City` AS `city`,
            `tp`.`DescriptionMe` AS `description`,
            `tp`.`Email` AS `email`,
            DATE_FORMAT(`tp`.`DateReg`,  '%d.%m.%Y %H:%i' ) AS `registration`,
            DATE_FORMAT(`tp`.`DateLastLogin`,  '%d.%m.%Y %H:%i' ) AS `last_login`,
            DATE_FORMAT(`tp`.`DateLastNav`,  '%d.%m.%Y %H:%i' ) AS `last_activity`,
            `tp`.`Status` AS `status`,
            IF(`tbl`.`Time`='0' OR DATE_ADD(`tbl`.`DateTime`, INTERVAL `tbl`.`Time` HOUR)>NOW(), 1, 0) AS `banned`,
            `tl`.`ID` AS `ml_id`,
            IF(ISNULL(`tl`.`Name`),'', `tl`.`Name`) AS `ml_name`
            ,
            DATE_FORMAT(`tlm`.`DateStarts`,  '%d.%m.%Y %H:%i' ) AS `date_starts`
        FROM `Profiles` AS `tp`
        LEFT JOIN `bx_groups_main`  ON `tp`.`AdoptionAgency`=`bx_groups_main`.`id`
        LEFT JOIN `sys_admin_ban_list` AS `tbl` ON `tp`.`ID`=`tbl`.`ProfID`
        LEFT JOIN `sys_acl_levels_members` AS `tlm` ON `tp`.`ID`=`tlm`.`IDMember` AND `tlm`.`DateStarts` < NOW() AND (`tlm`.`DateExpires`>NOW() || ISNULL(`tlm`.`DateExpires`))
        LEFT JOIN `sys_acl_levels` AS `tl` ON `tlm`.`IDLevel`=`tl`.`ID`
        
        WHERE
    		1 AND (`tp`.`Couple`=0 OR `tp`.`Couple`>`tp`.`ID`)
         
        ORDER BY `tlm`.`DateStarts` DESC
        LIMIT 0, 50
        SELECT
            `tp`.`ID` as `id`,
            `tp`.`NickName` AS `username`,
            `tp`.`Headline` AS `headline`,
            `tp`.`Sex` AS `sex`,
            `tp`.`DateOfBirth` AS `date_of_birth`,
            `tp`.`Country` AS `country`,
                `bx_groups_main`.`title` AS `AdoptionAgency`,
            `tp`.`City` AS `city`,
            `tp`.`DescriptionMe` AS `description`,
            `tp`.`Email` AS `email`,
            DATE_FORMAT(`tp`.`DateReg`,  '%d.%m.%Y %H:%i' ) AS `registration`,
            DATE_FORMAT(`tp`.`DateLastLogin`,  '%d.%m.%Y %H:%i' ) AS `last_login`,
            DATE_FORMAT(`tp`.`DateLastNav`,  '%d.%m.%Y %H:%i' ) AS `last_activity`,
            `tp`.`Status` AS `status`,
            IF(`tbl`.`Time`='0' OR DATE_ADD(`tbl`.`DateTime`, INTERVAL `tbl`.`Time` HOUR)>NOW(), 1, 0) AS `banned`,
            `tl`.`ID` AS `ml_id`,
            IF(ISNULL(`tl`.`Name`),'', `tl`.`Name`) AS `ml_name`
            ,
            DATE_FORMAT(`tlm`.`DateStarts`,  '%d.%m.%Y %H:%i' ) AS `date_starts`
        FROM `Profiles` AS `tp`
        LEFT JOIN `bx_groups_main`  ON `tp`.`AdoptionAgency`=`bx_groups_main`.`id`
        LEFT JOIN `sys_admin_ban_list` AS `tbl` ON `tp`.`ID`=`tbl`.`ProfID`
        LEFT JOIN `sys_acl_levels_members` AS `tlm` ON `tp`.`ID`=`tlm`.`IDMember` AND `tlm`.`DateStarts` < NOW() AND (`tlm`.`DateExpires`>NOW() || ISNULL(`tlm`.`DateExpires`))
        LEFT JOIN `sys_acl_levels` AS `tl` ON `tlm`.`IDLevel`=`tl`.`ID`
        
        WHERE
    		1 AND (`tp`.`Couple`=0 OR `tp`.`Couple`>`tp`.`ID`) AND (
                `tp`.`ID` LIKE '%testagency%' OR
                `tp`.`NickName` LIKE '%testagency%' OR
                `tp`.`Email` LIKE '%testagency%' OR
                `tp`.`Headline` LIKE '%testagency%' OR
                `tp`.`DescriptionMe` LIKE '%testagency%' OR
                `tp`.`Tags` LIKE '%testagency%' OR
                `tp`.`DateReg` LIKE '%testagency%' OR
               `tp`.`DateLastLogin` LIKE '%testagency%'
           )
         
        ORDER BY `tlm`.`DateStarts` DESC
        LIMIT 0, 50