2014-09-23 06:20:15 (GMT)	8 Notice	Constant BX_PROFILER already defined	File: header.inc.php	Line: 21	
2014-09-23 06:20:15 (GMT)	8 Notice	Constant BX_DOL_URL_ROOT already defined	File: header.inc.php	Line: 74	
2014-09-23 06:20:15 (GMT)	8 Notice	Constant BX_DOL_URL_ADMIN already defined	File: header.inc.php	Line: 75	
2014-09-23 06:20:15 (GMT)	8 Notice	Constant BX_DOL_URL_PLUGINS already defined	File: header.inc.php	Line: 76	
2014-09-23 06:20:15 (GMT)	8 Notice	Constant BX_DOL_URL_MODULES already defined	File: header.inc.php	Line: 77	
2014-09-23 06:20:15 (GMT)	8 Notice	Constant BX_DOL_URL_CACHE_PUBLIC already defined	File: header.inc.php	Line: 78	
2014-09-23 06:20:15 (GMT)	8 Notice	Constant BX_DIRECTORY_PATH_INC already defined	File: header.inc.php	Line: 80	
2014-09-23 06:20:15 (GMT)	8 Notice	Constant BX_DIRECTORY_PATH_ROOT already defined	File: header.inc.php	Line: 81	
2014-09-23 06:20:15 (GMT)	8 Notice	Constant BX_DIRECTORY_PATH_BASE already defined	File: header.inc.php	Line: 82	
2014-09-23 06:20:15 (GMT)	8 Notice	Constant BX_DIRECTORY_PATH_CACHE already defined	File: header.inc.php	Line: 83	
2014-09-23 06:20:15 (GMT)	8 Notice	Constant BX_DIRECTORY_PATH_CLASSES already defined	File: header.inc.php	Line: 84	
2014-09-23 06:20:15 (GMT)	8 Notice	Constant BX_DIRECTORY_PATH_PLUGINS already defined	File: header.inc.php	Line: 85	
2014-09-23 06:20:15 (GMT)	8 Notice	Constant BX_DIRECTORY_PATH_DBCACHE already defined	File: header.inc.php	Line: 86	
2014-09-23 06:20:15 (GMT)	8 Notice	Constant BX_DIRECTORY_PATH_MODULES already defined	File: header.inc.php	Line: 87	
2014-09-23 06:20:15 (GMT)	8 Notice	Constant BX_DIRECTORY_PATH_CACHE_PUBLIC already defined	File: header.inc.php	Line: 88	
2014-09-23 06:20:15 (GMT)	8 Notice	Constant DATABASE_HOST already defined	File: header.inc.php	Line: 90	
2014-09-23 06:20:15 (GMT)	8 Notice	Constant DATABASE_SOCK already defined	File: header.inc.php	Line: 91	
2014-09-23 06:20:15 (GMT)	8 Notice	Constant DATABASE_PORT already defined	File: header.inc.php	Line: 92	
2014-09-23 06:20:15 (GMT)	8 Notice	Constant DATABASE_USER already defined	File: header.inc.php	Line: 93	
2014-09-23 06:20:15 (GMT)	8 Notice	Constant DATABASE_PASS already defined	File: header.inc.php	Line: 94	
2014-09-23 06:20:15 (GMT)	8 Notice	Constant DATABASE_NAME already defined	File: header.inc.php	Line: 95	
2014-09-23 06:20:15 (GMT)	8 Notice	Constant BX_DOL_SPLASH_VIS_DISABLE already defined	File: header.inc.php	Line: 96	
2014-09-23 06:20:15 (GMT)	8 Notice	Constant BX_DOL_SPLASH_VIS_INDEX already defined	File: header.inc.php	Line: 97	
2014-09-23 06:20:15 (GMT)	8 Notice	Constant BX_DOL_SPLASH_VIS_ALL already defined	File: header.inc.php	Line: 98	
2014-09-23 06:20:15 (GMT)	8 Notice	Constant CHECK_DOLPHIN_REQUIREMENTS already defined	File: header.inc.php	Line: 100	
2014-09-23 06:20:15 (GMT)	8 Notice	Undefined index:  memberID	File: config.php	Line: 42	
2014-09-23 06:20:15 (GMT)	2 Warning	mysql_fetch_array(): supplied argument is not a valid MySQL result resource	File: config.php	Line: 43	
2014-09-23 06:20:15 (GMT)	8 Notice	Constant USER_FILE_PATH already defined	File: config.php	Line: 44	
2014-09-23 06:20:15 (GMT)	8 Notice	Undefined index:  memberID	File: config.php	Line: 50	
2014-09-23 06:20:15 (GMT)	8 Notice	Undefined index:  memberID	File: config.php	Line: 70	
2014-09-23 06:20:15 (GMT)	8 Notice	Undefined index:  memberID	File: config.php	Line: 80	
2014-09-23 06:20:15 (GMT)	2 Warning	readfile(/var/www/html/pf/media/users/DSC_0948.JPG) [<a href='function.readfile'>function.readfile</a>]: failed to open stream: No such file or directory	File: ImageManagerPlugin.php	Line: 1005	
2014-09-24 13:39:15 (GMT)	8 Notice	Constant BX_PROFILER already defined	File: header.inc.php	Line: 21	
2014-09-24 13:39:15 (GMT)	8 Notice	Constant BX_DOL_URL_ROOT already defined	File: header.inc.php	Line: 74	
2014-09-24 13:39:15 (GMT)	8 Notice	Constant BX_DOL_URL_ADMIN already defined	File: header.inc.php	Line: 75	
2014-09-24 13:39:15 (GMT)	8 Notice	Constant BX_DOL_URL_PLUGINS already defined	File: header.inc.php	Line: 76	
2014-09-24 13:39:15 (GMT)	8 Notice	Constant BX_DOL_URL_MODULES already defined	File: header.inc.php	Line: 77	
2014-09-24 13:39:15 (GMT)	8 Notice	Constant BX_DOL_URL_CACHE_PUBLIC already defined	File: header.inc.php	Line: 78	
2014-09-24 13:39:15 (GMT)	8 Notice	Constant BX_DIRECTORY_PATH_INC already defined	File: header.inc.php	Line: 80	
2014-09-24 13:39:15 (GMT)	8 Notice	Constant BX_DIRECTORY_PATH_ROOT already defined	File: header.inc.php	Line: 81	
2014-09-24 13:39:15 (GMT)	8 Notice	Constant BX_DIRECTORY_PATH_BASE already defined	File: header.inc.php	Line: 82	
2014-09-24 13:39:15 (GMT)	8 Notice	Constant BX_DIRECTORY_PATH_CACHE already defined	File: header.inc.php	Line: 83	
2014-09-24 13:39:15 (GMT)	8 Notice	Constant BX_DIRECTORY_PATH_CLASSES already defined	File: header.inc.php	Line: 84	
2014-09-24 13:39:15 (GMT)	8 Notice	Constant BX_DIRECTORY_PATH_PLUGINS already defined	File: header.inc.php	Line: 85	
2014-09-24 13:39:15 (GMT)	8 Notice	Constant BX_DIRECTORY_PATH_DBCACHE already defined	File: header.inc.php	Line: 86	
2014-09-24 13:39:15 (GMT)	8 Notice	Constant BX_DIRECTORY_PATH_MODULES already defined	File: header.inc.php	Line: 87	
2014-09-24 13:39:15 (GMT)	8 Notice	Constant BX_DIRECTORY_PATH_CACHE_PUBLIC already defined	File: header.inc.php	Line: 88	
2014-09-24 13:39:15 (GMT)	8 Notice	Constant DATABASE_HOST already defined	File: header.inc.php	Line: 90	
2014-09-24 13:39:15 (GMT)	8 Notice	Constant DATABASE_SOCK already defined	File: header.inc.php	Line: 91	
2014-09-24 13:39:15 (GMT)	8 Notice	Constant DATABASE_PORT already defined	File: header.inc.php	Line: 92	
2014-09-24 13:39:15 (GMT)	8 Notice	Constant DATABASE_USER already defined	File: header.inc.php	Line: 93	
2014-09-24 13:39:15 (GMT)	8 Notice	Constant DATABASE_PASS already defined	File: header.inc.php	Line: 94	
2014-09-24 13:39:15 (GMT)	8 Notice	Constant DATABASE_NAME already defined	File: header.inc.php	Line: 95	
2014-09-24 13:39:15 (GMT)	8 Notice	Constant BX_DOL_SPLASH_VIS_DISABLE already defined	File: header.inc.php	Line: 96	
2014-09-24 13:39:15 (GMT)	8 Notice	Constant BX_DOL_SPLASH_VIS_INDEX already defined	File: header.inc.php	Line: 97	
2014-09-24 13:39:15 (GMT)	8 Notice	Constant BX_DOL_SPLASH_VIS_ALL already defined	File: header.inc.php	Line: 98	
2014-09-24 13:39:15 (GMT)	8 Notice	Constant CHECK_DOLPHIN_REQUIREMENTS already defined	File: header.inc.php	Line: 100	
2014-09-24 13:39:15 (GMT)	8 Notice	Undefined index:  memberID	File: config.php	Line: 42	
2014-09-24 13:39:15 (GMT)	2 Warning	mysql_fetch_array(): supplied argument is not a valid MySQL result resource	File: config.php	Line: 43	
2014-09-24 13:39:15 (GMT)	8 Notice	Constant USER_FILE_PATH already defined	File: config.php	Line: 44	
2014-09-24 13:39:15 (GMT)	8 Notice	Undefined index:  memberID	File: config.php	Line: 50	
2014-09-24 13:39:15 (GMT)	8 Notice	Undefined index:  memberID	File: config.php	Line: 70	
2014-09-24 13:39:15 (GMT)	8 Notice	Undefined index:  memberID	File: config.php	Line: 80	
2014-09-24 13:39:15 (GMT)	2 Warning	readfile(/var/www/html/pf/media/users/DSC_0948.JPG) [<a href='function.readfile'>function.readfile</a>]: failed to open stream: No such file or directory	File: ImageManagerPlugin.php	Line: 1005	
2014-09-30 13:54:45 (GMT)	8 Notice	Constant BX_PROFILER already defined	File: header.inc.php	Line: 21	
2014-09-30 13:54:45 (GMT)	8 Notice	Constant BX_DOL_URL_ROOT already defined	File: header.inc.php	Line: 74	
2014-09-30 13:54:45 (GMT)	8 Notice	Constant BX_DOL_URL_ADMIN already defined	File: header.inc.php	Line: 75	
2014-09-30 13:54:45 (GMT)	8 Notice	Constant BX_DOL_URL_PLUGINS already defined	File: header.inc.php	Line: 76	
2014-09-30 13:54:45 (GMT)	8 Notice	Constant BX_DOL_URL_MODULES already defined	File: header.inc.php	Line: 77	
2014-09-30 13:54:45 (GMT)	8 Notice	Constant BX_DOL_URL_CACHE_PUBLIC already defined	File: header.inc.php	Line: 78	
2014-09-30 13:54:45 (GMT)	8 Notice	Constant BX_DIRECTORY_PATH_INC already defined	File: header.inc.php	Line: 80	
2014-09-30 13:54:45 (GMT)	8 Notice	Constant BX_DIRECTORY_PATH_ROOT already defined	File: header.inc.php	Line: 81	
2014-09-30 13:54:45 (GMT)	8 Notice	Constant BX_DIRECTORY_PATH_BASE already defined	File: header.inc.php	Line: 82	
2014-09-30 13:54:45 (GMT)	8 Notice	Constant BX_DIRECTORY_PATH_CACHE already defined	File: header.inc.php	Line: 83	
2014-09-30 13:54:45 (GMT)	8 Notice	Constant BX_DIRECTORY_PATH_CLASSES already defined	File: header.inc.php	Line: 84	
2014-09-30 13:54:45 (GMT)	8 Notice	Constant BX_DIRECTORY_PATH_PLUGINS already defined	File: header.inc.php	Line: 85	
2014-09-30 13:54:45 (GMT)	8 Notice	Constant BX_DIRECTORY_PATH_DBCACHE already defined	File: header.inc.php	Line: 86	
2014-09-30 13:54:45 (GMT)	8 Notice	Constant BX_DIRECTORY_PATH_MODULES already defined	File: header.inc.php	Line: 87	
2014-09-30 13:54:45 (GMT)	8 Notice	Constant BX_DIRECTORY_PATH_CACHE_PUBLIC already defined	File: header.inc.php	Line: 88	
2014-09-30 13:54:45 (GMT)	8 Notice	Constant DATABASE_HOST already defined	File: header.inc.php	Line: 90	
2014-09-30 13:54:45 (GMT)	8 Notice	Constant DATABASE_SOCK already defined	File: header.inc.php	Line: 91	
2014-09-30 13:54:45 (GMT)	8 Notice	Constant DATABASE_PORT already defined	File: header.inc.php	Line: 92	
2014-09-30 13:54:45 (GMT)	8 Notice	Constant DATABASE_USER already defined	File: header.inc.php	Line: 93	
2014-09-30 13:54:45 (GMT)	8 Notice	Constant DATABASE_PASS already defined	File: header.inc.php	Line: 94	
2014-09-30 13:54:45 (GMT)	8 Notice	Constant DATABASE_NAME already defined	File: header.inc.php	Line: 95	
2014-09-30 13:54:45 (GMT)	8 Notice	Constant BX_DOL_SPLASH_VIS_DISABLE already defined	File: header.inc.php	Line: 96	
2014-09-30 13:54:45 (GMT)	8 Notice	Constant BX_DOL_SPLASH_VIS_INDEX already defined	File: header.inc.php	Line: 97	
2014-09-30 13:54:45 (GMT)	8 Notice	Constant BX_DOL_SPLASH_VIS_ALL already defined	File: header.inc.php	Line: 98	
2014-09-30 13:54:45 (GMT)	8 Notice	Constant CHECK_DOLPHIN_REQUIREMENTS already defined	File: header.inc.php	Line: 100	
2014-09-30 13:54:45 (GMT)	8 Notice	Undefined index:  memberID	File: config.php	Line: 42	
2014-09-30 13:54:45 (GMT)	2 Warning	mysql_fetch_array(): supplied argument is not a valid MySQL result resource	File: config.php	Line: 43	
2014-09-30 13:54:45 (GMT)	8 Notice	Constant USER_FILE_PATH already defined	File: config.php	Line: 44	
2014-09-30 13:54:45 (GMT)	8 Notice	Undefined index:  memberID	File: config.php	Line: 50	
2014-09-30 13:54:45 (GMT)	8 Notice	Undefined index:  memberID	File: config.php	Line: 70	
2014-09-30 13:54:45 (GMT)	8 Notice	Undefined index:  memberID	File: config.php	Line: 80	
2014-09-30 13:54:45 (GMT)	2 Warning	readfile(/var/www/html/pf/media/users/DSC_0948.JPG) [<a href='function.readfile'>function.readfile</a>]: failed to open stream: No such file or directory	File: ImageManagerPlugin.php	Line: 1005	
2014-11-17 12:00:46 (GMT)	8 Notice	Constant BX_PROFILER already defined	File: header.inc.php	Line: 21	
2014-11-17 12:00:46 (GMT)	8 Notice	Constant BX_DOL_URL_ROOT already defined	File: header.inc.php	Line: 74	
2014-11-17 12:00:46 (GMT)	8 Notice	Constant BX_DOL_CACHE_CONTROL_NUMBER already defined	File: header.inc.php	Line: 75	
2014-11-17 12:00:46 (GMT)	8 Notice	Constant BX_DOL_URL_ADMIN already defined	File: header.inc.php	Line: 76	
2014-11-17 12:00:46 (GMT)	8 Notice	Constant BX_DOL_URL_PLUGINS already defined	File: header.inc.php	Line: 77	
2014-11-17 12:00:46 (GMT)	8 Notice	Constant BX_DOL_URL_MODULES already defined	File: header.inc.php	Line: 78	
2014-11-17 12:00:46 (GMT)	8 Notice	Constant BX_DOL_URL_CACHE_PUBLIC already defined	File: header.inc.php	Line: 79	
2014-11-17 12:00:46 (GMT)	8 Notice	Constant BX_DIRECTORY_PATH_INC already defined	File: header.inc.php	Line: 81	
2014-11-17 12:00:46 (GMT)	8 Notice	Constant BX_DIRECTORY_PATH_ROOT already defined	File: header.inc.php	Line: 82	
2014-11-17 12:00:46 (GMT)	8 Notice	Constant BX_DIRECTORY_PATH_BASE already defined	File: header.inc.php	Line: 83	
2014-11-17 12:00:46 (GMT)	8 Notice	Constant BX_DIRECTORY_PATH_CACHE already defined	File: header.inc.php	Line: 84	
2014-11-17 12:00:46 (GMT)	8 Notice	Constant BX_DIRECTORY_PATH_CLASSES already defined	File: header.inc.php	Line: 85	
2014-11-17 12:00:46 (GMT)	8 Notice	Constant BX_DIRECTORY_PATH_PLUGINS already defined	File: header.inc.php	Line: 86	
2014-11-17 12:00:46 (GMT)	8 Notice	Constant BX_DIRECTORY_PATH_DBCACHE already defined	File: header.inc.php	Line: 87	
2014-11-17 12:00:46 (GMT)	8 Notice	Constant BX_DIRECTORY_PATH_MODULES already defined	File: header.inc.php	Line: 88	
2014-11-17 12:00:46 (GMT)	8 Notice	Constant BX_DIRECTORY_PATH_CACHE_PUBLIC already defined	File: header.inc.php	Line: 89	
2014-11-17 12:00:46 (GMT)	8 Notice	Constant DATABASE_HOST already defined	File: header.inc.php	Line: 91	
2014-11-17 12:00:46 (GMT)	8 Notice	Constant DATABASE_SOCK already defined	File: header.inc.php	Line: 92	
2014-11-17 12:00:46 (GMT)	8 Notice	Constant DATABASE_PORT already defined	File: header.inc.php	Line: 93	
2014-11-17 12:00:46 (GMT)	8 Notice	Constant DATABASE_USER already defined	File: header.inc.php	Line: 94	
2014-11-17 12:00:46 (GMT)	8 Notice	Constant DATABASE_PASS already defined	File: header.inc.php	Line: 95	
2014-11-17 12:00:46 (GMT)	8 Notice	Constant DATABASE_NAME already defined	File: header.inc.php	Line: 96	
2014-11-17 12:00:46 (GMT)	8 Notice	Constant BX_DOL_SPLASH_VIS_DISABLE already defined	File: header.inc.php	Line: 97	
2014-11-17 12:00:46 (GMT)	8 Notice	Constant BX_DOL_SPLASH_VIS_INDEX already defined	File: header.inc.php	Line: 98	
2014-11-17 12:00:46 (GMT)	8 Notice	Constant BX_DOL_SPLASH_VIS_ALL already defined	File: header.inc.php	Line: 99	
2014-11-17 12:00:46 (GMT)	8 Notice	Constant CHECK_DOLPHIN_REQUIREMENTS already defined	File: header.inc.php	Line: 101	
2014-11-17 12:00:46 (GMT)	8 Notice	Undefined index:  memberID	File: config.php	Line: 42	
2014-11-17 12:00:46 (GMT)	2 Warning	mysql_fetch_array(): supplied argument is not a valid MySQL result resource	File: config.php	Line: 43	
2014-11-17 12:00:46 (GMT)	8 Notice	Constant USER_FILE_PATH already defined	File: config.php	Line: 44	
2014-11-17 12:00:46 (GMT)	8 Notice	Undefined index:  memberID	File: config.php	Line: 50	
2014-11-17 12:00:46 (GMT)	8 Notice	Undefined index:  memberID	File: config.php	Line: 70	
2014-11-17 12:00:46 (GMT)	8 Notice	Undefined index:  memberID	File: config.php	Line: 80	
2014-11-17 12:00:46 (GMT)	2 Warning	readfile(/var/www/html/pf/media/users/DSC_0948.JPG) [<a href='function.readfile'>function.readfile</a>]: failed to open stream: No such file or directory	File: ImageManagerPlugin.php	Line: 1005	
2014-11-20 05:40:55 (GMT)	8 Notice	Constant BX_PROFILER already defined	File: header.inc.php	Line: 21	
2014-11-20 05:40:55 (GMT)	8 Notice	Constant BX_DOL_URL_ROOT already defined	File: header.inc.php	Line: 74	
2014-11-20 05:40:55 (GMT)	8 Notice	Constant BX_DOL_CACHE_CONTROL_NUMBER already defined	File: header.inc.php	Line: 75	
2014-11-20 05:40:55 (GMT)	8 Notice	Constant BX_DOL_URL_ADMIN already defined	File: header.inc.php	Line: 76	
2014-11-20 05:40:55 (GMT)	8 Notice	Constant BX_DOL_URL_PLUGINS already defined	File: header.inc.php	Line: 77	
2014-11-20 05:40:55 (GMT)	8 Notice	Constant BX_DOL_URL_MODULES already defined	File: header.inc.php	Line: 78	
2014-11-20 05:40:55 (GMT)	8 Notice	Constant BX_DOL_URL_CACHE_PUBLIC already defined	File: header.inc.php	Line: 79	
2014-11-20 05:40:55 (GMT)	8 Notice	Constant BX_DIRECTORY_PATH_INC already defined	File: header.inc.php	Line: 81	
2014-11-20 05:40:55 (GMT)	8 Notice	Constant BX_DIRECTORY_PATH_ROOT already defined	File: header.inc.php	Line: 82	
2014-11-20 05:40:55 (GMT)	8 Notice	Constant BX_DIRECTORY_PATH_BASE already defined	File: header.inc.php	Line: 83	
2014-11-20 05:40:55 (GMT)	8 Notice	Constant BX_DIRECTORY_PATH_CACHE already defined	File: header.inc.php	Line: 84	
2014-11-20 05:40:55 (GMT)	8 Notice	Constant BX_DIRECTORY_PATH_CLASSES already defined	File: header.inc.php	Line: 85	
2014-11-20 05:40:55 (GMT)	8 Notice	Constant BX_DIRECTORY_PATH_PLUGINS already defined	File: header.inc.php	Line: 86	
2014-11-20 05:40:55 (GMT)	8 Notice	Constant BX_DIRECTORY_PATH_DBCACHE already defined	File: header.inc.php	Line: 87	
2014-11-20 05:40:55 (GMT)	8 Notice	Constant BX_DIRECTORY_PATH_MODULES already defined	File: header.inc.php	Line: 88	
2014-11-20 05:40:55 (GMT)	8 Notice	Constant BX_DIRECTORY_PATH_CACHE_PUBLIC already defined	File: header.inc.php	Line: 89	
2014-11-20 05:40:55 (GMT)	8 Notice	Constant DATABASE_HOST already defined	File: header.inc.php	Line: 91	
2014-11-20 05:40:55 (GMT)	8 Notice	Constant DATABASE_SOCK already defined	File: header.inc.php	Line: 92	
2014-11-20 05:40:55 (GMT)	8 Notice	Constant DATABASE_PORT already defined	File: header.inc.php	Line: 93	
2014-11-20 05:40:55 (GMT)	8 Notice	Constant DATABASE_USER already defined	File: header.inc.php	Line: 94	
2014-11-20 05:40:55 (GMT)	8 Notice	Constant DATABASE_PASS already defined	File: header.inc.php	Line: 95	
2014-11-20 05:40:55 (GMT)	8 Notice	Constant DATABASE_NAME already defined	File: header.inc.php	Line: 96	
2014-11-20 05:40:55 (GMT)	8 Notice	Constant BX_DOL_SPLASH_VIS_DISABLE already defined	File: header.inc.php	Line: 97	
2014-11-20 05:40:55 (GMT)	8 Notice	Constant BX_DOL_SPLASH_VIS_INDEX already defined	File: header.inc.php	Line: 98	
2014-11-20 05:40:55 (GMT)	8 Notice	Constant BX_DOL_SPLASH_VIS_ALL already defined	File: header.inc.php	Line: 99	
2014-11-20 05:40:55 (GMT)	8 Notice	Constant CHECK_DOLPHIN_REQUIREMENTS already defined	File: header.inc.php	Line: 101	
2014-11-20 05:40:55 (GMT)	8 Notice	Undefined index:  memberID	File: config.php	Line: 42	
2014-11-20 05:40:55 (GMT)	2 Warning	mysql_fetch_array(): supplied argument is not a valid MySQL result resource	File: config.php	Line: 43	
2014-11-20 05:40:55 (GMT)	8 Notice	Constant USER_FILE_PATH already defined	File: config.php	Line: 44	
2014-11-20 05:40:55 (GMT)	8 Notice	Undefined index:  memberID	File: config.php	Line: 50	
2014-11-20 05:40:55 (GMT)	8 Notice	Undefined index:  memberID	File: config.php	Line: 70	
2014-11-20 05:40:55 (GMT)	8 Notice	Undefined index:  memberID	File: config.php	Line: 80	
2014-11-20 05:40:55 (GMT)	2 Warning	readfile(/var/www/html/pf/media/users/DSC_0948.JPG) [<a href='function.readfile'>function.readfile</a>]: failed to open stream: No such file or directory	File: ImageManagerPlugin.php	Line: 1005	
2014-12-15 17:17:06 (GMT)	8 Notice	Constant BX_PROFILER already defined	File: header.inc.php	Line: 21	
2014-12-15 17:17:06 (GMT)	8 Notice	Constant BX_DOL_URL_ROOT already defined	File: header.inc.php	Line: 74	
2014-12-15 17:17:06 (GMT)	8 Notice	Constant BX_DOL_CACHE_CONTROL_NUMBER already defined	File: header.inc.php	Line: 75	
2014-12-15 17:17:06 (GMT)	8 Notice	Constant BX_DOL_URL_ADMIN already defined	File: header.inc.php	Line: 76	
2014-12-15 17:17:06 (GMT)	8 Notice	Constant BX_DOL_URL_PLUGINS already defined	File: header.inc.php	Line: 77	
2014-12-15 17:17:06 (GMT)	8 Notice	Constant BX_DOL_URL_MODULES already defined	File: header.inc.php	Line: 78	
2014-12-15 17:17:06 (GMT)	8 Notice	Constant BX_DOL_URL_CACHE_PUBLIC already defined	File: header.inc.php	Line: 79	
2014-12-15 17:17:06 (GMT)	8 Notice	Constant BX_DIRECTORY_PATH_INC already defined	File: header.inc.php	Line: 81	
2014-12-15 17:17:06 (GMT)	8 Notice	Constant BX_DIRECTORY_PATH_ROOT already defined	File: header.inc.php	Line: 82	
2014-12-15 17:17:06 (GMT)	8 Notice	Constant BX_DIRECTORY_PATH_BASE already defined	File: header.inc.php	Line: 83	
2014-12-15 17:17:06 (GMT)	8 Notice	Constant BX_DIRECTORY_PATH_CACHE already defined	File: header.inc.php	Line: 84	
2014-12-15 17:17:06 (GMT)	8 Notice	Constant BX_DIRECTORY_PATH_CLASSES already defined	File: header.inc.php	Line: 85	
2014-12-15 17:17:06 (GMT)	8 Notice	Constant BX_DIRECTORY_PATH_PLUGINS already defined	File: header.inc.php	Line: 86	
2014-12-15 17:17:06 (GMT)	8 Notice	Constant BX_DIRECTORY_PATH_DBCACHE already defined	File: header.inc.php	Line: 87	
2014-12-15 17:17:06 (GMT)	8 Notice	Constant BX_DIRECTORY_PATH_MODULES already defined	File: header.inc.php	Line: 88	
2014-12-15 17:17:06 (GMT)	8 Notice	Constant BX_DIRECTORY_PATH_CACHE_PUBLIC already defined	File: header.inc.php	Line: 89	
2014-12-15 17:17:06 (GMT)	8 Notice	Constant DATABASE_HOST already defined	File: header.inc.php	Line: 91	
2014-12-15 17:17:06 (GMT)	8 Notice	Constant DATABASE_SOCK already defined	File: header.inc.php	Line: 92	
2014-12-15 17:17:06 (GMT)	8 Notice	Constant DATABASE_PORT already defined	File: header.inc.php	Line: 93	
2014-12-15 17:17:06 (GMT)	8 Notice	Constant DATABASE_USER already defined	File: header.inc.php	Line: 94	
2014-12-15 17:17:06 (GMT)	8 Notice	Constant DATABASE_PASS already defined	File: header.inc.php	Line: 95	
2014-12-15 17:17:06 (GMT)	8 Notice	Constant DATABASE_NAME already defined	File: header.inc.php	Line: 96	
2014-12-15 17:17:06 (GMT)	8 Notice	Constant BX_DOL_SPLASH_VIS_DISABLE already defined	File: header.inc.php	Line: 97	
2014-12-15 17:17:06 (GMT)	8 Notice	Constant BX_DOL_SPLASH_VIS_INDEX already defined	File: header.inc.php	Line: 98	
2014-12-15 17:17:06 (GMT)	8 Notice	Constant BX_DOL_SPLASH_VIS_ALL already defined	File: header.inc.php	Line: 99	
2014-12-15 17:17:06 (GMT)	8 Notice	Constant CHECK_DOLPHIN_REQUIREMENTS already defined	File: header.inc.php	Line: 101	
2014-12-15 17:17:06 (GMT)	8 Notice	Constant USER_FILE_PATH already defined	File: config.php	Line: 44	
2014-12-15 17:17:06 (GMT)	2 Warning	getimagesize(/var/www/html/pf/media/users/Catholiccharitiesks/DSC_0948.JPG) [<a href='function.getimagesize'>function.getimagesize</a>]: failed to open stream: No such file or directory	File: ImageManagerPlugin.php	Line: 921	
2014-12-15 17:17:06 (GMT)	2 Warning	Division by zero	File: ImageManagerPlugin.php	Line: 932	
2014-12-15 17:17:06 (GMT)	2 Warning	Division by zero	File: ImageManagerPlugin.php	Line: 932	
2014-12-15 17:17:06 (GMT)	2 Warning	readfile(/var/www/html/pf/media/users/Catholiccharitiesks/DSC_0948.JPG) [<a href='function.readfile'>function.readfile</a>]: failed to open stream: No such file or directory	File: ImageManagerPlugin.php	Line: 1005	
2014-12-15 17:17:23 (GMT)	8 Notice	Constant BX_PROFILER already defined	File: header.inc.php	Line: 21	
2014-12-15 17:17:23 (GMT)	8 Notice	Constant BX_DOL_URL_ROOT already defined	File: header.inc.php	Line: 74	
2014-12-15 17:17:23 (GMT)	8 Notice	Constant BX_DOL_CACHE_CONTROL_NUMBER already defined	File: header.inc.php	Line: 75	
2014-12-15 17:17:23 (GMT)	8 Notice	Constant BX_DOL_URL_ADMIN already defined	File: header.inc.php	Line: 76	
2014-12-15 17:17:23 (GMT)	8 Notice	Constant BX_DOL_URL_PLUGINS already defined	File: header.inc.php	Line: 77	
2014-12-15 17:17:23 (GMT)	8 Notice	Constant BX_DOL_URL_MODULES already defined	File: header.inc.php	Line: 78	
2014-12-15 17:17:23 (GMT)	8 Notice	Constant BX_DOL_URL_CACHE_PUBLIC already defined	File: header.inc.php	Line: 79	
2014-12-15 17:17:23 (GMT)	8 Notice	Constant BX_DIRECTORY_PATH_INC already defined	File: header.inc.php	Line: 81	
2014-12-15 17:17:23 (GMT)	8 Notice	Constant BX_DIRECTORY_PATH_ROOT already defined	File: header.inc.php	Line: 82	
2014-12-15 17:17:23 (GMT)	8 Notice	Constant BX_DIRECTORY_PATH_BASE already defined	File: header.inc.php	Line: 83	
2014-12-15 17:17:23 (GMT)	8 Notice	Constant BX_DIRECTORY_PATH_CACHE already defined	File: header.inc.php	Line: 84	
2014-12-15 17:17:23 (GMT)	8 Notice	Constant BX_DIRECTORY_PATH_CLASSES already defined	File: header.inc.php	Line: 85	
2014-12-15 17:17:23 (GMT)	8 Notice	Constant BX_DIRECTORY_PATH_PLUGINS already defined	File: header.inc.php	Line: 86	
2014-12-15 17:17:23 (GMT)	8 Notice	Constant BX_DIRECTORY_PATH_DBCACHE already defined	File: header.inc.php	Line: 87	
2014-12-15 17:17:23 (GMT)	8 Notice	Constant BX_DIRECTORY_PATH_MODULES already defined	File: header.inc.php	Line: 88	
2014-12-15 17:17:23 (GMT)	8 Notice	Constant BX_DIRECTORY_PATH_CACHE_PUBLIC already defined	File: header.inc.php	Line: 89	
2014-12-15 17:17:23 (GMT)	8 Notice	Constant DATABASE_HOST already defined	File: header.inc.php	Line: 91	
2014-12-15 17:17:23 (GMT)	8 Notice	Constant DATABASE_SOCK already defined	File: header.inc.php	Line: 92	
2014-12-15 17:17:23 (GMT)	8 Notice	Constant DATABASE_PORT already defined	File: header.inc.php	Line: 93	
2014-12-15 17:17:23 (GMT)	8 Notice	Constant DATABASE_USER already defined	File: header.inc.php	Line: 94	
2014-12-15 17:17:23 (GMT)	8 Notice	Constant DATABASE_PASS already defined	File: header.inc.php	Line: 95	
2014-12-15 17:17:23 (GMT)	8 Notice	Constant DATABASE_NAME already defined	File: header.inc.php	Line: 96	
2014-12-15 17:17:23 (GMT)	8 Notice	Constant BX_DOL_SPLASH_VIS_DISABLE already defined	File: header.inc.php	Line: 97	
2014-12-15 17:17:23 (GMT)	8 Notice	Constant BX_DOL_SPLASH_VIS_INDEX already defined	File: header.inc.php	Line: 98	
2014-12-15 17:17:23 (GMT)	8 Notice	Constant BX_DOL_SPLASH_VIS_ALL already defined	File: header.inc.php	Line: 99	
2014-12-15 17:17:23 (GMT)	8 Notice	Constant CHECK_DOLPHIN_REQUIREMENTS already defined	File: header.inc.php	Line: 101	
2014-12-15 17:17:23 (GMT)	8 Notice	Constant USER_FILE_PATH already defined	File: config.php	Line: 44	
2014-12-15 17:17:23 (GMT)	2 Warning	getimagesize(/var/www/html/pf/media/users/Catholiccharitiesks/DSC_0948.JPG) [<a href='function.getimagesize'>function.getimagesize</a>]: failed to open stream: No such file or directory	File: ImageManagerPlugin.php	Line: 921	
2014-12-15 17:17:23 (GMT)	2 Warning	Division by zero	File: ImageManagerPlugin.php	Line: 932	
2014-12-15 17:17:23 (GMT)	2 Warning	Division by zero	File: ImageManagerPlugin.php	Line: 932	
2014-12-15 17:17:23 (GMT)	2 Warning	readfile(/var/www/html/pf/media/users/Catholiccharitiesks/DSC_0948.JPG) [<a href='function.readfile'>function.readfile</a>]: failed to open stream: No such file or directory	File: ImageManagerPlugin.php	Line: 1005	
2014-12-19 12:22:43 (GMT)	8 Notice	Constant BX_PROFILER already defined	File: header.inc.php	Line: 21	
2014-12-19 12:22:43 (GMT)	8 Notice	Constant BX_DOL_URL_ROOT already defined	File: header.inc.php	Line: 74	
2014-12-19 12:22:43 (GMT)	8 Notice	Constant BX_DOL_CACHE_CONTROL_NUMBER already defined	File: header.inc.php	Line: 75	
2014-12-19 12:22:43 (GMT)	8 Notice	Constant BX_DOL_URL_ADMIN already defined	File: header.inc.php	Line: 76	
2014-12-19 12:22:43 (GMT)	8 Notice	Constant BX_DOL_URL_PLUGINS already defined	File: header.inc.php	Line: 77	
2014-12-19 12:22:43 (GMT)	8 Notice	Constant BX_DOL_URL_MODULES already defined	File: header.inc.php	Line: 78	
2014-12-19 12:22:43 (GMT)	8 Notice	Constant BX_DOL_URL_CACHE_PUBLIC already defined	File: header.inc.php	Line: 79	
2014-12-19 12:22:43 (GMT)	8 Notice	Constant BX_DIRECTORY_PATH_INC already defined	File: header.inc.php	Line: 81	
2014-12-19 12:22:43 (GMT)	8 Notice	Constant BX_DIRECTORY_PATH_ROOT already defined	File: header.inc.php	Line: 82	
2014-12-19 12:22:43 (GMT)	8 Notice	Constant BX_DIRECTORY_PATH_BASE already defined	File: header.inc.php	Line: 83	
2014-12-19 12:22:43 (GMT)	8 Notice	Constant BX_DIRECTORY_PATH_CACHE already defined	File: header.inc.php	Line: 84	
2014-12-19 12:22:43 (GMT)	8 Notice	Constant BX_DIRECTORY_PATH_CLASSES already defined	File: header.inc.php	Line: 85	
2014-12-19 12:22:43 (GMT)	8 Notice	Constant BX_DIRECTORY_PATH_PLUGINS already defined	File: header.inc.php	Line: 86	
2014-12-19 12:22:43 (GMT)	8 Notice	Constant BX_DIRECTORY_PATH_DBCACHE already defined	File: header.inc.php	Line: 87	
2014-12-19 12:22:43 (GMT)	8 Notice	Constant BX_DIRECTORY_PATH_MODULES already defined	File: header.inc.php	Line: 88	
2014-12-19 12:22:43 (GMT)	8 Notice	Constant BX_DIRECTORY_PATH_CACHE_PUBLIC already defined	File: header.inc.php	Line: 89	
2014-12-19 12:22:43 (GMT)	8 Notice	Constant DATABASE_HOST already defined	File: header.inc.php	Line: 91	
2014-12-19 12:22:43 (GMT)	8 Notice	Constant DATABASE_SOCK already defined	File: header.inc.php	Line: 92	
2014-12-19 12:22:43 (GMT)	8 Notice	Constant DATABASE_PORT already defined	File: header.inc.php	Line: 93	
2014-12-19 12:22:43 (GMT)	8 Notice	Constant DATABASE_USER already defined	File: header.inc.php	Line: 94	
2014-12-19 12:22:43 (GMT)	8 Notice	Constant DATABASE_PASS already defined	File: header.inc.php	Line: 95	
2014-12-19 12:22:43 (GMT)	8 Notice	Constant DATABASE_NAME already defined	File: header.inc.php	Line: 96	
2014-12-19 12:22:43 (GMT)	8 Notice	Constant BX_DOL_SPLASH_VIS_DISABLE already defined	File: header.inc.php	Line: 97	
2014-12-19 12:22:43 (GMT)	8 Notice	Constant BX_DOL_SPLASH_VIS_INDEX already defined	File: header.inc.php	Line: 98	
2014-12-19 12:22:43 (GMT)	8 Notice	Constant BX_DOL_SPLASH_VIS_ALL already defined	File: header.inc.php	Line: 99	
2014-12-19 12:22:43 (GMT)	8 Notice	Constant CHECK_DOLPHIN_REQUIREMENTS already defined	File: header.inc.php	Line: 101	
2014-12-19 12:22:43 (GMT)	8 Notice	Undefined index:  memberID	File: config.php	Line: 42	
2014-12-19 12:22:43 (GMT)	2 Warning	mysql_fetch_array(): supplied argument is not a valid MySQL result resource	File: config.php	Line: 43	
2014-12-19 12:22:43 (GMT)	8 Notice	Constant USER_FILE_PATH already defined	File: config.php	Line: 44	
2014-12-19 12:22:43 (GMT)	8 Notice	Undefined index:  memberID	File: config.php	Line: 50	
2014-12-19 12:22:43 (GMT)	8 Notice	Undefined index:  memberID	File: config.php	Line: 70	
2014-12-19 12:22:43 (GMT)	8 Notice	Undefined index:  memberID	File: config.php	Line: 80	
2014-12-19 12:22:43 (GMT)	2 Warning	readfile(/var/www/html/pf/media/users/DSC_0948.JPG) [<a href='function.readfile'>function.readfile</a>]: failed to open stream: No such file or directory	File: ImageManagerPlugin.php	Line: 1005	
2015-01-18 03:35:43 (GMT)	8 Notice	Constant BX_PROFILER already defined	File: header.inc.php	Line: 21	
2015-01-18 03:35:43 (GMT)	8 Notice	Constant BX_DOL_URL_ROOT already defined	File: header.inc.php	Line: 74	
2015-01-18 03:35:43 (GMT)	8 Notice	Constant BX_DOL_CACHE_CONTROL_NUMBER already defined	File: header.inc.php	Line: 75	
2015-01-18 03:35:43 (GMT)	8 Notice	Constant BX_DOL_URL_ADMIN already defined	File: header.inc.php	Line: 76	
2015-01-18 03:35:43 (GMT)	8 Notice	Constant BX_DOL_URL_PLUGINS already defined	File: header.inc.php	Line: 77	
2015-01-18 03:35:43 (GMT)	8 Notice	Constant BX_DOL_URL_MODULES already defined	File: header.inc.php	Line: 78	
2015-01-18 03:35:43 (GMT)	8 Notice	Constant BX_DOL_URL_CACHE_PUBLIC already defined	File: header.inc.php	Line: 79	
2015-01-18 03:35:43 (GMT)	8 Notice	Constant BX_DIRECTORY_PATH_INC already defined	File: header.inc.php	Line: 81	
2015-01-18 03:35:43 (GMT)	8 Notice	Constant BX_DIRECTORY_PATH_ROOT already defined	File: header.inc.php	Line: 82	
2015-01-18 03:35:43 (GMT)	8 Notice	Constant BX_DIRECTORY_PATH_BASE already defined	File: header.inc.php	Line: 83	
2015-01-18 03:35:43 (GMT)	8 Notice	Constant BX_DIRECTORY_PATH_CACHE already defined	File: header.inc.php	Line: 84	
2015-01-18 03:35:43 (GMT)	8 Notice	Constant BX_DIRECTORY_PATH_CLASSES already defined	File: header.inc.php	Line: 85	
2015-01-18 03:35:43 (GMT)	8 Notice	Constant BX_DIRECTORY_PATH_PLUGINS already defined	File: header.inc.php	Line: 86	
2015-01-18 03:35:43 (GMT)	8 Notice	Constant BX_DIRECTORY_PATH_DBCACHE already defined	File: header.inc.php	Line: 87	
2015-01-18 03:35:43 (GMT)	8 Notice	Constant BX_DIRECTORY_PATH_MODULES already defined	File: header.inc.php	Line: 88	
2015-01-18 03:35:43 (GMT)	8 Notice	Constant BX_DIRECTORY_PATH_CACHE_PUBLIC already defined	File: header.inc.php	Line: 89	
2015-01-18 03:35:43 (GMT)	8 Notice	Constant DATABASE_HOST already defined	File: header.inc.php	Line: 91	
2015-01-18 03:35:43 (GMT)	8 Notice	Constant DATABASE_SOCK already defined	File: header.inc.php	Line: 92	
2015-01-18 03:35:43 (GMT)	8 Notice	Constant DATABASE_PORT already defined	File: header.inc.php	Line: 93	
2015-01-18 03:35:43 (GMT)	8 Notice	Constant DATABASE_USER already defined	File: header.inc.php	Line: 94	
2015-01-18 03:35:43 (GMT)	8 Notice	Constant DATABASE_PASS already defined	File: header.inc.php	Line: 95	
2015-01-18 03:35:43 (GMT)	8 Notice	Constant DATABASE_NAME already defined	File: header.inc.php	Line: 96	
2015-01-18 03:35:43 (GMT)	8 Notice	Constant BX_DOL_SPLASH_VIS_DISABLE already defined	File: header.inc.php	Line: 97	
2015-01-18 03:35:43 (GMT)	8 Notice	Constant BX_DOL_SPLASH_VIS_INDEX already defined	File: header.inc.php	Line: 98	
2015-01-18 03:35:43 (GMT)	8 Notice	Constant BX_DOL_SPLASH_VIS_ALL already defined	File: header.inc.php	Line: 99	
2015-01-18 03:35:43 (GMT)	8 Notice	Constant CHECK_DOLPHIN_REQUIREMENTS already defined	File: header.inc.php	Line: 101	
2015-01-18 03:35:43 (GMT)	8 Notice	Undefined index:  memberID	File: config.php	Line: 42	
2015-01-18 03:35:43 (GMT)	2 Warning	mysql_fetch_array(): supplied argument is not a valid MySQL result resource	File: config.php	Line: 43	
2015-01-18 03:35:43 (GMT)	8 Notice	Constant USER_FILE_PATH already defined	File: config.php	Line: 44	
2015-01-18 03:35:43 (GMT)	8 Notice	Undefined index:  memberID	File: config.php	Line: 50	
2015-01-18 03:35:43 (GMT)	8 Notice	Undefined index:  memberID	File: config.php	Line: 70	
2015-01-18 03:35:43 (GMT)	8 Notice	Undefined index:  memberID	File: config.php	Line: 80	
2015-01-18 03:35:43 (GMT)	256 User Error	File not found.	File: CorePlugin.php	Line: 143	Trace: <wddxPacket version='1.0'><header><comment>Variables</comment></header><data><struct><var name='man'><struct><var name='php_class_name'><string>Moxiecode_ManagerEngine</string></var><var name='_config'><struct><var name='general.theme'><string>im</string></var><var name='general.tools'><string>filemanager,createdir,upload,refresh,addfavorite,removefavorite,insert,delete,edit,preview</string></var><var name='general.disabled_tools'><string></string></var><var name='general.user_friendly_paths'><boolean value='true'/></var><var name='general.encrypt_paths'><boolean value='true'/></var><var name='general.plugins'><string>History,Favorites</string></var><var name='general.demo'><boolean value='false'/></var><var name='general.debug'><boolean value='false'/></var><var name='general.error_log'><string></string></var><var name='general.language'><string>en</string></var><var name='general.remember_last_path'><boolean value='false'/></var><var name='general.allow_export'><string>demo,tools,disabled_tools,debug,plugins</string></var><var name='general.allow_override'><string>*</string></var><var name='preview.wwwroot'><string>/var/www/html/pf</string></var><var name='preview.urlprefix'><string>http://www.parentfinder.com/</string></var><var name='preview.urlsuffix'><string></string></var><var name='preview.allow_export'><string>urlprefix,urlsuffix</string></var><var name='preview.allow_override'><string>*</string></var><var name='createdir.include_directory_pattern'><string></string></var><var name='createdir.exclude_directory_pattern'><string>/[^a-z0-9_\.]/i</string></var><var name='createdir.allow_override'><string>*</string></var><var name='filesystem'><string>Moxiecode_LocalFileImpl</string></var><var name='filesystem.path'><string>/var/www/html/pf/media/users</string></var><var name='filesystem.rootpath'><string>/var/www/html/pf/media/users</string></var><var name='filesystem.datefmt'><string>Y-m-d H:i</string></var><var name='filesystem.include_directory_pattern'><string></string></var><var name='filesystem.exclude_directory_pattern'><string>/^$/i</string></var><var name='filesystem.invalid_directory_name_msg'><string></string></var><var name='filesystem.include_file_pattern'><string></string></var><var name='filesystem.exclude_file_pattern'><string>/([^a-zA-Z0-9_\-\.]|^mcic_)/i</string></var><var name='filesystem.invalid_file_name_msg'><string></string></var><var name='filesystem.extensions'><string>gif,jpg,png,bmp,swf,dcr,mov,qt,ram,rm,avi,mpg,mpeg,asf,flv</string></var><var name='filesystem.readable'><boolean value='true'/></var><var name='filesystem.writable'><boolean value='true'/></var><var name='filesystem.delete_recursive'><boolean value='false'/></var><var name='filesystem.force_directory_template'><boolean value='false'/></var><var name='filesystem.list_directories'><boolean value='false'/></var><var name='filesystem.clean_names'><boolean value='true'/></var><var name='filesystem.delete_format_images'><boolean value='true'/></var><var name='filesystem.allow_export'><string>extensions,readable,writable,directory_templates,force_directory_template,clean_names</string></var><var name='filesystem.allow_override'><string>*</string></var><var name='thumbnail'><string>ImageToolsGD</string></var><var name='thumbnail.enabled'><boolean value='true'/></var><var name='thumbnail.folder'><null/></var><var name='thumbnail.auto_generate'><boolean value='false'/></var><var name='thumbnail.use_exif'><boolean value='false'/></var><var name='thumbnail.insert'><boolean value='true'/></var><var name='thumbnail.width'><string>90</string></var><var name='thumbnail.height'><string>90</string></var><var name='thumbnail.max_width'><string></string></var><var name='thumbnail.max_height'><string></string></var><var name='thumbnail.scale_mode'><string>percentage</string></var><var name='thumbnail.prefix'><string>_</string></var><var name='thumbnail.delete'><boolean value='true'/></var><var name='thumbnail.jpeg_quality'><number>75</number></var><var name='thumbnail.allow_export'><string>width,height,insert</string></var><var name='thumbnail.allow_override'><string>*</string></var><var name='upload.maxsize'><string>10MB</string></var><var name='upload.overwrite'><boolean value='false'/></var><var name='upload.include_file_pattern'><string></string></var><var name='upload.exclude_file_pattern'><string></string></var><var name='upload.invalid_file_name_msg'><string></string></var><var name='upload.extensions'><string>gif,jpg,jpeg,png</string></var><var name='upload.create_thumbnail'><boolean value='true'/></var><var name='upload.autoresize'><boolean value='false'/></var><var name='upload.autoresize_jpeg_quality'><number>75</number></var><var name='upload.max_width'><string>800</string></var><var name='upload.max_height'><string>600</string></var><var name='upload.multiple_upload'><boolean value='true'/></var><var name='upload.chunk_size'><string>1mb</string></var><var name='upload.format'><string></string></var><var name='upload.allow_export'><string>maxsize,multiple_upload,chunk_size,overwrite,extensions</string></var><var name='upload.allow_override'><string>*</string></var><var name='edit.jpeg_quality'><string>90</string></var><var name='edit.format'><string></string></var><var name='authenticator'><string>BaseAuthenticator</string></var><var name='authenticator.login_page'><string>login_session_auth.php</string></var><var name='authenticator.allow_override'><string>*</string></var><var name='SessionAuthenticator.logged_in_key'><string>isLoggedIn</string></var><var name='SessionAuthenticator.groups_key'><string>groups</string></var><var name='SessionAuthenticator.user_key'><string>user</string></var><var name='SessionAuthenticator.path_key'><string>mc_path</string></var><var name='SessionAuthenticator.rootpath_key'><string>mc_rootpath</string></var><var name='SessionAuthenticator.config_prefix'><string>imagemanager</string></var><var name='ExternalAuthenticator.external_auth_url'><string>auth_example.jsp</string></var><var name='ExternalAuthenticator.secret_key'><string>someSecretKey</string></var><var name='filesystem.local.file_mask'><string>0777</string></var><var name='filesystem.local.directory_mask'><string>0777</string></var><var name='filesystem.local.file_template'><string>${rootpath}/templates/file.htm</string></var><var name='filesystem.local.access_file_name'><string>mc_access</string></var><var name='filesystem.local.allow_override'><string>*</string></var><var name='stream.mimefile'><string>mime.types</string></var><var name='stream.include_file_pattern'><string></string></var><var name='stream.exclude_file_pattern'><string>/\.php$|\.shtm$/i</string></var><var name='stream.extensions'><string>*</string></var><var name='stream.allow_override'><string>*</string></var><var name='filemanager.urlprefix'><string>../../../filemanager/?type=fm</string></var><var name='filemanager.allow_override'><string>*</string></var><var name='filemanager.allow_export'><string>urlprefix</string></var><var name='log.enabled'><boolean value='false'/></var><var name='log.level'><string>error</string></var><var name='log.path'><string>logs</string></var><var name='log.filename'><string>{level}.log</string></var><var name='log.format'><string>[{time}] [{level}] {message}</string></var><var name='log.max_size'><string>100k</string></var><var name='log.max_files'><string>10</string></var><var name='favorites.max'><number>20</number></var><var name='history.max'><number>20</number></var></struct></var><var name='_plugins'><struct><var name='core'><struct><var name='php_class_name'><string>Moxiecode_CorePlugin</string></var></struct></var><var name='imagemanager'><struct><var name='php_class_name'><string>Moxiecode_ImageManagerPlugin</string></var></struct></var><var name='history'><struct><var name='php_class_name'><string>Moxiecode_HistoryPlugin</string></var><var name='_maxhistory'><number>10</number></var></struct></var><var name='favorites'><struct><var name='php_class_name'><string>Moxiecode_FavoritesPlugin</string></var><var name='_maxfavorites'><number>10</number></var><var name='_cookieData'><null/></var></struct></var><var name='baseauthenticator'><struct><var name='php_class_name'><string>Moxiecode_BaseAuthenticator</string></var></struct></var></struct></var><var name='_prefixes'><struct><var name='imagemanager'><string>im</string></var></struct></var><var name='_fileSystems'><struct><var name='file'><string>Moxiecode_LocalFileImpl</string></var><var name='root'><string>Moxiecode_RootFileImpl</string></var><var name='history'><string>Moxiecode_HistoryFile</string></var><var name='favorite'><string>FavoriteFile</string></var></struct></var><var name='_rootPaths'><array length='1'><string>/var/www/html/pf/media/users</string></array></var><var name='_language'><null/></var><var name='_type'><string>im</string></var><var name='_logger'><null/></var><var name='_langPackPath'><string>im</string></var></struct></var><var name='cmd'><string>streamFile</string></var><var name='input'><struct><var name='cmd'><string>im.streamFile</string></var><var name='path'><string>{0}/DSC_0932.JPG</string></var></struct></var><var name='config'><struct><var name='general.theme'><string>im</string></var><var name='general.tools'><string>filemanager,createdir,upload,refresh,addfavorite,removefavorite,insert,delete,edit,preview</string></var><var name='general.disabled_tools'><string></string></var><var name='general.user_friendly_paths'><boolean value='true'/></var><var name='general.encrypt_paths'><boolean value='true'/></var><var name='general.plugins'><string>History,Favorites</string></var><var name='general.demo'><boolean value='false'/></var><var name='general.debug'><boolean value='false'/></var><var name='general.error_log'><string></string></var><var name='general.language'><string>en</string></var><var name='general.remember_last_path'><boolean value='false'/></var><var name='general.allow_export'><string>demo,tools,disabled_tools,debug,plugins</string></var><var name='general.allow_override'><string>*</string></var><var name='preview.wwwroot'><string>/var/www/html/pf</string></var><var name='preview.urlprefix'><string>http://www.parentfinder.com/</string></var><var name='preview.urlsuffix'><string></string></var><var name='preview.allow_export'><string>urlprefix,urlsuffix</string></var><var name='preview.allow_override'><string>*</string></var><var name='createdir.include_directory_pattern'><string></string></var><var name='createdir.exclude_directory_pattern'><string>/[^a-z0-9_\.]/i</string></var><var name='createdir.allow_override'><string>*</string></var><var name='filesystem'><string>Moxiecode_LocalFileImpl</string></var><var name='filesystem.path'><string>/var/www/html/pf/media/users</string></var><var name='filesystem.rootpath'><string>/var/www/html/pf/media/users</string></var><var name='filesystem.datefmt'><string>Y-m-d H:i</string></var><var name='filesystem.include_directory_pattern'><string></string></var><var name='filesystem.exclude_directory_pattern'><string>/^$/i</string></var><var name='filesystem.invalid_directory_name_msg'><string></string></var><var name='filesystem.include_file_pattern'><string></string></var><var name='filesystem.exclude_file_pattern'><string>/([^a-zA-Z0-9_\-\.]|^mcic_)/i</string></var><var name='filesystem.invalid_file_name_msg'><string></string></var><var name='filesystem.extensions'><string>gif,jpg,png,bmp,swf,dcr,mov,qt,ram,rm,avi,mpg,mpeg,asf,flv</string></var><var name='filesystem.readable'><boolean value='true'/></var><var name='filesystem.writable'><boolean value='true'/></var><var name='filesystem.delete_recursive'><boolean value='false'/></var><var name='filesystem.force_directory_template'><boolean value='false'/></var><var name='filesystem.list_directories'><boolean value='false'/></var><var name='filesystem.clean_names'><boolean value='true'/></var><var name='filesystem.delete_format_images'><boolean value='true'/></var><var name='filesystem.allow_export'><string>extensions,readable,writable,directory_templates,force_directory_template,clean_names</string></var><var name='filesystem.allow_override'><string>*</string></var><var name='thumbnail'><string>ImageToolsGD</string></var><var name='thumbnail.enabled'><boolean value='true'/></var><var name='thumbnail.folder'><null/></var><var name='thumbnail.auto_generate'><boolean value='false'/></var><var name='thumbnail.use_exif'><boolean value='false'/></var><var name='thumbnail.insert'><boolean value='true'/></var><var name='thumbnail.width'><string>90</string></var><var name='thumbnail.height'><string>90</string></var><var name='thumbnail.max_width'><string></string></var><var name='thumbnail.max_height'><string></string></var><var name='thumbnail.scale_mode'><string>percentage</string></var><var name='thumbnail.prefix'><string>_</string></var><var name='thumbnail.delete'><boolean value='true'/></var><var name='thumbnail.jpeg_quality'><number>75</number></var><var name='thumbnail.allow_export'><string>width,height,insert</string></var><var name='thumbnail.allow_override'><string>*</string></var><var name='upload.maxsize'><string>10MB</string></var><var name='upload.overwrite'><boolean value='false'/></var><var name='upload.include_file_pattern'><string></string></var><var name='upload.exclude_file_pattern'><string></string></var><var name='upload.invalid_file_name_msg'><string></string></var><var name='upload.extensions'><string>gif,jpg,jpeg,png</string></var><var name='upload.create_thumbnail'><boolean value='true'/></var><var name='upload.autoresize'><boolean value='false'/></var><var name='upload.autoresize_jpeg_quality'><number>75</number></var><var name='upload.max_width'><string>800</string></var><var name='upload.max_height'><string>600</string></var><var name='upload.multiple_upload'><boolean value='true'/></var><var name='upload.chunk_size'><string>1mb</string></var><var name='upload.format'><string></string></var><var name='upload.allow_export'><string>maxsize,multiple_upload,chunk_size,overwrite,extensions</string></var><var name='upload.allow_override'><string>*</string></var><var name='edit.jpeg_quality'><string>90</string></var><var name='edit.format'><string></string></var><var name='authenticator'><string>BaseAuthenticator</string></var><var name='authenticator.login_page'><string>login_session_auth.php</string></var><var name='authenticator.allow_override'><string>*</string></var><var name='SessionAuthenticator.logged_in_key'><string>isLoggedIn</string></var><var name='SessionAuthenticator.groups_key'><string>groups</string></var><var name='SessionAuthenticator.user_key'><string>user</string></var><var name='SessionAuthenticator.path_key'><string>mc_path</string></var><var name='SessionAuthenticator.rootpath_key'><string>mc_rootpath</string></var><var name='SessionAuthenticator.config_prefix'><string>imagemanager</string></var><var name='ExternalAuthenticator.external_auth_url'><string>auth_example.jsp</string></var><var name='ExternalAuthenticator.secret_key'><string>someSecretKey</string></var><var name='filesystem.local.file_mask'><string>0777</string></var><var name='filesystem.local.directory_mask'><string>0777</string></var><var name='filesystem.local.file_template'><string>/var/www/html/pf/media/users/templates/file.htm</string></var><var name='filesystem.local.access_file_name'><string>mc_access</string></var><var name='filesystem.local.allow_override'><string>*</string></var><var name='stream.mimefile'><string>mime.types</string></var><var name='stream.include_file_pattern'><string></string></var><var name='stream.exclude_file_pattern'><string>/\.php$|\.shtm$/i</string></var><var name='stream.extensions'><string>*</string></var><var name='stream.allow_override'><string>*</string></var><var name='filemanager.urlprefix'><string>../../../filemanager/?type=fm</string></var><var name='filemanager.allow_override'><string>*</string></var><var name='filemanager.allow_export'><string>urlprefix</string></var><var name='log.enabled'><boolean value='false'/></var><var name='log.level'><string>error</string></var><var name='log.path'><string>logs</string></var><var name='log.filename'><string>{level}.log</string></var><var name='log.format'><string>[{time}] [{level}] {message}</string></var><var name='log.max_size'><string>100k</string></var><var name='log.max_files'><string>10</string></var><var name='favorites.max'><number>20</number></var><var name='history.max'><number>20</number></var></struct></var><var name='file'><struct><var name='php_class_name'><string>Moxiecode_LocalFileImpl</string></var><var name='_absPath'><string>/var/www/html/pf/media/users/DSC_0932.JPG</string></var><var name='_manager'><struct><var name='php_class_name'><string>Moxiecode_ManagerEngine</string></var><var name='_config'><struct><var name='general.theme'><string>im</string></var><var name='general.tools'><string>filemanager,createdir,upload,refresh,addfavorite,removefavorite,insert,delete,edit,preview</string></var><var name='general.disabled_tools'><string></string></var><var name='general.user_friendly_paths'><boolean value='true'/></var><var name='general.encrypt_paths'><boolean value='true'/></var><var name='general.plugins'><string>History,Favorites</string></var><var name='general.demo'><boolean value='false'/></var><var name='general.debug'><boolean value='false'/></var><var name='general.error_log'><string></string></var><var name='general.language'><string>en</string></var><var name='general.remember_last_path'><boolean value='false'/></var><var name='general.allow_export'><string>demo,tools,disabled_tools,debug,plugins</string></var><var name='general.allow_override'><string>*</string></var><var name='preview.wwwroot'><string>/var/www/html/pf</string></var><var name='preview.urlprefix'><string>http://www.parentfinder.com/</string></var><var name='preview.urlsuffix'><string></string></var><var name='preview.allow_export'><string>urlprefix,urlsuffix</string></var><var name='preview.allow_override'><string>*</string></var><var name='createdir.include_directory_pattern'><string></string></var><var name='createdir.exclude_directory_pattern'><string>/[^a-z0-9_\.]/i</string></var><var name='createdir.allow_override'><string>*</string></var><var name='filesystem'><string>Moxiecode_LocalFileImpl</string></var><var name='filesystem.path'><string>/var/www/html/pf/media/users</string></var><var name='filesystem.rootpath'><string>/var/www/html/pf/media/users</string></var><var name='filesystem.datefmt'><string>Y-m-d H:i</string></var><var name='filesystem.include_directory_pattern'><string></string></var><var name='filesystem.exclude_directory_pattern'><string>/^$/i</string></var><var name='filesystem.invalid_directory_name_msg'><string></string></var><var name='filesystem.include_file_pattern'><string></string></var><var name='filesystem.exclude_file_pattern'><string>/([^a-zA-Z0-9_\-\.]|^mcic_)/i</string></var><var name='filesystem.invalid_file_name_msg'><string></string></var><var name='filesystem.extensions'><string>gif,jpg,png,bmp,swf,dcr,mov,qt,ram,rm,avi,mpg,mpeg,asf,flv</string></var><var name='filesystem.readable'><boolean value='true'/></var><var name='filesystem.writable'><boolean value='true'/></var><var name='filesystem.delete_recursive'><boolean value='false'/></var><var name='filesystem.force_directory_template'><boolean value='false'/></var><var name='filesystem.list_directories'><boolean value='false'/></var><var name='filesystem.clean_names'><boolean value='true'/></var><var name='filesystem.delete_format_images'><boolean value='true'/></var><var name='filesystem.allow_export'><string>extensions,readable,writable,directory_templates,force_directory_template,clean_names</string></var><var name='filesystem.allow_override'><string>*</string></var><var name='thumbnail'><string>ImageToolsGD</string></var><var name='thumbnail.enabled'><boolean value='true'/></var><var name='thumbnail.folder'><null/></var><var name='thumbnail.auto_generate'><boolean value='false'/></var><var name='thumbnail.use_exif'><boolean value='false'/></var><var name='thumbnail.insert'><boolean value='true'/></var><var name='thumbnail.width'><string>90</string></var><var name='thumbnail.height'><string>90</string></var><var name='thumbnail.max_width'><string></string></var><var name='thumbnail.max_height'><string></string></var><var name='thumbnail.scale_mode'><string>percentage</string></var><var name='thumbnail.prefix'><string>_</string></var><var name='thumbnail.delete'><boolean value='true'/></var><var name='thumbnail.jpeg_quality'><number>75</number></var><var name='thumbnail.allow_export'><string>width,height,insert</string></var><var name='thumbnail.allow_override'><string>*</string></var><var name='upload.maxsize'><string>10MB</string></var><var name='upload.overwrite'><boolean value='false'/></var><var name='upload.include_file_pattern'><string></string></var><var name='upload.exclude_file_pattern'><string></string></var><var name='upload.invalid_file_name_msg'><string></string></var><var name='upload.extensions'><string>gif,jpg,jpeg,png</string></var><var name='upload.create_thumbnail'><boolean value='true'/></var><var name='upload.autoresize'><boolean value='false'/></var><var name='upload.autoresize_jpeg_quality'><number>75</number></var><var name='upload.max_width'><string>800</string></var><var name='upload.max_height'><string>600</string></var><var name='upload.multiple_upload'><boolean value='true'/></var><var name='upload.chunk_size'><string>1mb</string></var><var name='upload.format'><string></string></var><var name='upload.allow_export'><string>maxsize,multiple_upload,chunk_size,overwrite,extensions</string></var><var name='upload.allow_override'><string>*</string></var><var name='edit.jpeg_quality'><string>90</string></var><var name='edit.format'><string></string></var><var name='authenticator'><string>BaseAuthenticator</string></var><var name='authenticator.login_page'><string>login_session_auth.php</string></var><var name='authenticator.allow_override'><string>*</string></var><var name='SessionAuthenticator.logged_in_key'><string>isLoggedIn</string></var><var name='SessionAuthenticator.groups_key'><string>groups</string></var><var name='SessionAuthenticator.user_key'><string>user</string></var><var name='SessionAuthenticator.path_key'><string>mc_path</string></var><var name='SessionAuthenticator.rootpath_key'><string>mc_rootpath</string></var><var name='SessionAuthenticator.config_prefix'><string>imagemanager</string></var><var name='ExternalAuthenticator.external_auth_url'><string>auth_example.jsp</string></var><var name='ExternalAuthenticator.secret_key'><string>someSecretKey</string></var><var name='filesystem.local.file_mask'><string>0777</string></var><var name='filesystem.local.directory_mask'><string>0777</string></var><var name='filesystem.local.file_template'><string>${rootpath}/templates/file.htm</string></var><var name='filesystem.local.access_file_name'><string>mc_access</string></var><var name='filesystem.local.allow_override'><string>*</string></var><var name='stream.mimefile'><string>mime.types</string></var><var name='stream.include_file_pattern'><string></string></var><var name='stream.exclude_file_pattern'><string>/\.php$|\.shtm$/i</string></var><var name='stream.extensions'><string>*</string></var><var name='stream.allow_override'><string>*</string></var><var name='filemanager.urlprefix'><string>../../../filemanager/?type=fm</string></var><var name='filemanager.allow_override'><string>*</string></var><var name='filemanager.allow_export'><string>urlprefix</string></var><var name='log.enabled'><boolean value='false'/></var><var name='log.level'><string>error</string></var><var name='log.path'><string>logs</string></var><var name='log.filename'><string>{level}.log</string></var><var name='log.format'><string>[{time}] [{level}] {message}</string></var><var name='log.max_size'><string>100k</string></var><var name='log.max_files'><string>10</string></var><var name='favorites.max'><number>20</number></var><var name='history.max'><number>20</number></var></struct></var><var name='_plugins'><struct><var name='core'><struct><var name='php_class_name'><string>Moxiecode_CorePlugin</string></var></struct></var><var name='imagemanager'><struct><var name='php_class_name'><string>Moxiecode_ImageManagerPlugin</string></var></struct></var><var name='history'><struct><var name='php_class_name'><string>Moxiecode_HistoryPlugin</string></var><var name='_maxhistory'><number>10</number></var></struct></var><var name='favorites'><struct><var name='php_class_name'><string>Moxiecode_FavoritesPlugin</string></var><var name='_maxfavorites'><number>10</number></var><var name='_cookieData'><null/></var></struct></var><var name='baseauthenticator'><struct><var name='php_class_name'><string>Moxiecode_BaseAuthenticator</string></var></struct></var></struct></var><var name='_prefixes'><struct><var name='imagemanager'><string>im</string></var></struct></var><var name='_fileSystems'><struct><var name='file'><string>Moxiecode_LocalFileImpl</string></var><var name='root'><string>Moxiecode_RootFileImpl</string></var><var name='history'><string>Moxiecode_HistoryFile</string></var><var name='favorite'><string>FavoriteFile</string></var></struct></var><var name='_rootPaths'><array length='1'><string>/var/www/html/pf/media/users</string></array></var><var name='_language'><null/></var><var name='_type'><string>im</string></var><var name='_logger'><null/></var><var name='_langPackPath'><string>im</string></var></struct></var><var name='_config'><struct><var name='general.theme'><string>im</string></var><var name='general.tools'><string>filemanager,createdir,upload,refresh,addfavorite,removefavorite,insert,delete,edit,preview</string></var><var name='general.disabled_tools'><string></string></var><var name='general.user_friendly_paths'><boolean value='true'/></var><var name='general.encrypt_paths'><boolean value='true'/></var><var name='general.plugins'><string>History,Favorites</string></var><var name='general.demo'><boolean value='false'/></var><var name='general.debug'><boolean value='false'/></var><var name='general.error_log'><string></string></var><var name='general.language'><string>en</string></var><var name='general.remember_last_path'><boolean value='false'/></var><var name='general.allow_export'><string>demo,tools,disabled_tools,debug,plugins</string></var><var name='general.allow_override'><string>*</string></var><var name='preview.wwwroot'><string>/var/www/html/pf</string></var><var name='preview.urlprefix'><string>http://www.parentfinder.com/</string></var><var name='preview.urlsuffix'><string></string></var><var name='preview.allow_export'><string>urlprefix,urlsuffix</string></var><var name='preview.allow_override'><string>*</string></var><var name='createdir.include_directory_pattern'><string></string></var><var name='createdir.exclude_directory_pattern'><string>/[^a-z0-9_\.]/i</string></var><var name='createdir.allow_override'><string>*</string></var><var name='filesystem'><string>Moxiecode_LocalFileImpl</string></var><var name='filesystem.path'><string>/var/www/html/pf/media/users</string></var><var name='filesystem.rootpath'><string>/var/www/html/pf/media/users</string></var><var name='filesystem.datefmt'><string>Y-m-d H:i</string></var><var name='filesystem.include_directory_pattern'><string></string></var><var name='filesystem.exclude_directory_pattern'><string>/^$/i</string></var><var name='filesystem.invalid_directory_name_msg'><string></string></var><var name='filesystem.include_file_pattern'><string></string></var><var name='filesystem.exclude_file_pattern'><string>/([^a-zA-Z0-9_\-\.]|^mcic_)/i</string></var><var name='filesystem.invalid_file_name_msg'><string></string></var><var name='filesystem.extensions'><string>gif,jpg,png,bmp,swf,dcr,mov,qt,ram,rm,avi,mpg,mpeg,asf,flv</string></var><var name='filesystem.readable'><boolean value='true'/></var><var name='filesystem.writable'><boolean value='true'/></var><var name='filesystem.delete_recursive'><boolean value='false'/></var><var name='filesystem.force_directory_template'><boolean value='false'/></var><var name='filesystem.list_directories'><boolean value='false'/></var><var name='filesystem.clean_names'><boolean value='true'/></var><var name='filesystem.delete_format_images'><boolean value='true'/></var><var name='filesystem.allow_export'><string>extensions,readable,writable,directory_templates,force_directory_template,clean_names</string></var><var name='filesystem.allow_override'><string>*</string></var><var name='thumbnail'><string>ImageToolsGD</string></var><var name='thumbnail.enabled'><boolean value='true'/></var><var name='thumbnail.folder'><null/></var><var name='thumbnail.auto_generate'><boolean value='false'/></var><var name='thumbnail.use_exif'><boolean value='false'/></var><var name='thumbnail.insert'><boolean value='true'/></var><var name='thumbnail.width'><string>90</string></var><var name='thumbnail.height'><string>90</string></var><var name='thumbnail.max_width'><string></string></var><var name='thumbnail.max_height'><string></string></var><var name='thumbnail.scale_mode'><string>percentage</string></var><var name='thumbnail.prefix'><string>_</string></var><var name='thumbnail.delete'><boolean value='true'/></var><var name='thumbnail.jpeg_quality'><number>75</number></var><var name='thumbnail.allow_export'><string>width,height,insert</string></var><var name='thumbnail.allow_override'><string>*</string></var><var name='upload.maxsize'><string>10MB</string></var><var name='upload.overwrite'><boolean value='false'/></var><var name='upload.include_file_pattern'><string></string></var><var name='upload.exclude_file_pattern'><string></string></var><var name='upload.invalid_file_name_msg'><string></string></var><var name='upload.extensions'><string>gif,jpg,jpeg,png</string></var><var name='upload.create_thumbnail'><boolean value='true'/></var><var name='upload.autoresize'><boolean value='false'/></var><var name='upload.autoresize_jpeg_quality'><number>75</number></var><var name='upload.max_width'><string>800</string></var><var name='upload.max_height'><string>600</string></var><var name='upload.multiple_upload'><boolean value='true'/></var><var name='upload.chunk_size'><string>1mb</string></var><var name='upload.format'><string></string></var><var name='upload.allow_export'><string>maxsize,multiple_upload,chunk_size,overwrite,extensions</string></var><var name='upload.allow_override'><string>*</string></var><var name='edit.jpeg_quality'><string>90</string></var><var name='edit.format'><string></string></var><var name='authenticator'><string>BaseAuthenticator</string></var><var name='authenticator.login_page'><string>login_session_auth.php</string></var><var name='authenticator.allow_override'><string>*</string></var><var name='SessionAuthenticator.logged_in_key'><string>isLoggedIn</string></var><var name='SessionAuthenticator.groups_key'><string>groups</string></var><var name='SessionAuthenticator.user_key'><string>user</string></var><var name='SessionAuthenticator.path_key'><string>mc_path</string></var><var name='SessionAuthenticator.rootpath_key'><string>mc_rootpath</string></var><var name='SessionAuthenticator.config_prefix'><string>imagemanager</string></var><var name='ExternalAuthenticator.external_auth_url'><string>auth_example.jsp</string></var><var name='ExternalAuthenticator.secret_key'><string>someSecretKey</string></var><var name='filesystem.local.file_mask'><string>0777</string></var><var name='filesystem.local.directory_mask'><string>0777</string></var><var name='filesystem.local.file_template'><string>/var/www/html/pf/media/users/templates/file.htm</string></var><var name='filesystem.local.access_file_name'><string>mc_access</string></var><var name='filesystem.local.allow_override'><string>*</string></var><var name='stream.mimefile'><string>mime.types</string></var><var name='stream.include_file_pattern'><string></string></var><var name='stream.exclude_file_pattern'><string>/\.php$|\.shtm$/i</string></var><var name='stream.extensions'><string>*</string></var><var name='stream.allow_override'><string>*</string></var><var name='filemanager.urlprefix'><string>../../../filemanager/?type=fm</string></var><var name='filemanager.allow_override'><string>*</string></var><var name='filemanager.allow_export'><string>urlprefix</string></var><var name='log.enabled'><boolean value='false'/></var><var name='log.level'><string>error</string></var><var name='log.path'><string>logs</string></var><var name='log.filename'><string>{level}.log</string></var><var name='log.format'><string>[{time}] [{level}] {message}</string></var><var name='log.max_size'><string>100k</string></var><var name='log.max_files'><string>10</string></var><var name='favorites.max'><number>20</number></var><var name='history.max'><number>20</number></var></struct></var><var name='_type'><number>0</number></var><var name='_events'><boolean value='true'/></var><var name='_statCache'><struct><var name='exists'><boolean value='false'/></var></struct></var></struct></var></struct></data></wddxPacket>	
2015-01-25 19:34:33 (GMT)	8 Notice	Constant BX_PROFILER already defined	File: header.inc.php	Line: 21	
2015-01-25 19:34:33 (GMT)	8 Notice	Constant BX_DOL_URL_ROOT already defined	File: header.inc.php	Line: 74	
2015-01-25 19:34:33 (GMT)	8 Notice	Constant BX_DOL_CACHE_CONTROL_NUMBER already defined	File: header.inc.php	Line: 75	
2015-01-25 19:34:33 (GMT)	8 Notice	Constant BX_DOL_URL_ADMIN already defined	File: header.inc.php	Line: 76	
2015-01-25 19:34:33 (GMT)	8 Notice	Constant BX_DOL_URL_PLUGINS already defined	File: header.inc.php	Line: 77	
2015-01-25 19:34:33 (GMT)	8 Notice	Constant BX_DOL_URL_MODULES already defined	File: header.inc.php	Line: 78	
2015-01-25 19:34:33 (GMT)	8 Notice	Constant BX_DOL_URL_CACHE_PUBLIC already defined	File: header.inc.php	Line: 79	
2015-01-25 19:34:33 (GMT)	8 Notice	Constant BX_DIRECTORY_PATH_INC already defined	File: header.inc.php	Line: 81	
2015-01-25 19:34:33 (GMT)	8 Notice	Constant BX_DIRECTORY_PATH_ROOT already defined	File: header.inc.php	Line: 82	
2015-01-25 19:34:33 (GMT)	8 Notice	Constant BX_DIRECTORY_PATH_BASE already defined	File: header.inc.php	Line: 83	
2015-01-25 19:34:33 (GMT)	8 Notice	Constant BX_DIRECTORY_PATH_CACHE already defined	File: header.inc.php	Line: 84	
2015-01-25 19:34:33 (GMT)	8 Notice	Constant BX_DIRECTORY_PATH_CLASSES already defined	File: header.inc.php	Line: 85	
2015-01-25 19:34:33 (GMT)	8 Notice	Constant BX_DIRECTORY_PATH_PLUGINS already defined	File: header.inc.php	Line: 86	
2015-01-25 19:34:33 (GMT)	8 Notice	Constant BX_DIRECTORY_PATH_DBCACHE already defined	File: header.inc.php	Line: 87	
2015-01-25 19:34:33 (GMT)	8 Notice	Constant BX_DIRECTORY_PATH_MODULES already defined	File: header.inc.php	Line: 88	
2015-01-25 19:34:33 (GMT)	8 Notice	Constant BX_DIRECTORY_PATH_CACHE_PUBLIC already defined	File: header.inc.php	Line: 89	
2015-01-25 19:34:33 (GMT)	8 Notice	Constant DATABASE_HOST already defined	File: header.inc.php	Line: 91	
2015-01-25 19:34:33 (GMT)	8 Notice	Constant DATABASE_SOCK already defined	File: header.inc.php	Line: 92	
2015-01-25 19:34:33 (GMT)	8 Notice	Constant DATABASE_PORT already defined	File: header.inc.php	Line: 93	
2015-01-25 19:34:33 (GMT)	8 Notice	Constant DATABASE_USER already defined	File: header.inc.php	Line: 94	
2015-01-25 19:34:33 (GMT)	8 Notice	Constant DATABASE_PASS already defined	File: header.inc.php	Line: 95	
2015-01-25 19:34:33 (GMT)	8 Notice	Constant DATABASE_NAME already defined	File: header.inc.php	Line: 96	
2015-01-25 19:34:33 (GMT)	8 Notice	Constant BX_DOL_SPLASH_VIS_DISABLE already defined	File: header.inc.php	Line: 97	
2015-01-25 19:34:33 (GMT)	8 Notice	Constant BX_DOL_SPLASH_VIS_INDEX already defined	File: header.inc.php	Line: 98	
2015-01-25 19:34:33 (GMT)	8 Notice	Constant BX_DOL_SPLASH_VIS_ALL already defined	File: header.inc.php	Line: 99	
2015-01-25 19:34:33 (GMT)	8 Notice	Constant CHECK_DOLPHIN_REQUIREMENTS already defined	File: header.inc.php	Line: 101	
2015-01-25 19:34:33 (GMT)	8 Notice	Constant USER_FILE_PATH already defined	File: config.php	Line: 44	
2015-01-25 19:34:33 (GMT)	2 Warning	getimagesize(/var/www/html/pf/media/users/perrel1_edward/DSC_0948.JPG) [<a href='function.getimagesize'>function.getimagesize</a>]: failed to open stream: No such file or directory	File: ImageManagerPlugin.php	Line: 921	
2015-01-25 19:34:33 (GMT)	2 Warning	Division by zero	File: ImageManagerPlugin.php	Line: 932	
2015-01-25 19:34:33 (GMT)	2 Warning	Division by zero	File: ImageManagerPlugin.php	Line: 932	
2015-01-25 19:34:33 (GMT)	2 Warning	readfile(/var/www/html/pf/media/users/perrel1_edward/DSC_0948.JPG) [<a href='function.readfile'>function.readfile</a>]: failed to open stream: No such file or directory	File: ImageManagerPlugin.php	Line: 1005	
2015-11-06 20:19:06 (GMT)	8 Notice	Constant BX_PROFILER already defined	File: header.inc.php	Line: 21	
2015-11-06 20:19:06 (GMT)	8 Notice	A session had already been started - ignoring session_start()	File: header.inc.php	Line: 73	
2015-11-06 20:19:06 (GMT)	8 Notice	Constant BX_DOL_URL_ROOT already defined	File: header.inc.php	Line: 76	
2015-11-06 20:19:06 (GMT)	8 Notice	Constant BX_DOL_CACHE_CONTROL_NUMBER already defined	File: header.inc.php	Line: 77	
2015-11-06 20:19:06 (GMT)	8 Notice	Constant GOOGLE_TOKEN_FLAG already defined	File: header.inc.php	Line: 78	
2015-11-06 20:19:06 (GMT)	8 Notice	Constant BX_DOL_URL_ADMIN already defined	File: header.inc.php	Line: 79	
2015-11-06 20:19:06 (GMT)	8 Notice	Constant BX_DOL_URL_PLUGINS already defined	File: header.inc.php	Line: 80	
2015-11-06 20:19:06 (GMT)	8 Notice	Constant BX_DOL_URL_MODULES already defined	File: header.inc.php	Line: 81	
2015-11-06 20:19:06 (GMT)	8 Notice	Constant BX_DOL_URL_CACHE_PUBLIC already defined	File: header.inc.php	Line: 82	
2015-11-06 20:19:06 (GMT)	8 Notice	Constant BX_DIRECTORY_PATH_INC already defined	File: header.inc.php	Line: 84	
2015-11-06 20:19:06 (GMT)	8 Notice	Constant BX_DIRECTORY_PATH_ROOT already defined	File: header.inc.php	Line: 85	
2015-11-06 20:19:06 (GMT)	8 Notice	Constant BX_DIRECTORY_PATH_BASE already defined	File: header.inc.php	Line: 86	
2015-11-06 20:19:06 (GMT)	8 Notice	Constant BX_DIRECTORY_PATH_CACHE already defined	File: header.inc.php	Line: 87	
2015-11-06 20:19:06 (GMT)	8 Notice	Constant BX_DIRECTORY_PATH_CLASSES already defined	File: header.inc.php	Line: 88	
2015-11-06 20:19:06 (GMT)	8 Notice	Constant BX_DIRECTORY_PATH_PLUGINS already defined	File: header.inc.php	Line: 89	
2015-11-06 20:19:06 (GMT)	8 Notice	Constant BX_DIRECTORY_PATH_DBCACHE already defined	File: header.inc.php	Line: 90	
2015-11-06 20:19:06 (GMT)	8 Notice	Constant BX_DIRECTORY_PATH_MODULES already defined	File: header.inc.php	Line: 91	
2015-11-06 20:19:06 (GMT)	8 Notice	Constant BX_DIRECTORY_PATH_CACHE_PUBLIC already defined	File: header.inc.php	Line: 92	
2015-11-06 20:19:06 (GMT)	8 Notice	Constant DATABASE_HOST already defined	File: header.inc.php	Line: 94	
2015-11-06 20:19:06 (GMT)	8 Notice	Constant DATABASE_SOCK already defined	File: header.inc.php	Line: 95	
2015-11-06 20:19:06 (GMT)	8 Notice	Constant DATABASE_PORT already defined	File: header.inc.php	Line: 96	
2015-11-06 20:19:06 (GMT)	8 Notice	Constant DATABASE_USER already defined	File: header.inc.php	Line: 97	
2015-11-06 20:19:06 (GMT)	8 Notice	Constant DATABASE_PASS already defined	File: header.inc.php	Line: 98	
2015-11-06 20:19:06 (GMT)	8 Notice	Constant DATABASE_NAME already defined	File: header.inc.php	Line: 99	
2015-11-06 20:19:06 (GMT)	8 Notice	Constant BX_DOL_SPLASH_VIS_DISABLE already defined	File: header.inc.php	Line: 100	
2015-11-06 20:19:06 (GMT)	8 Notice	Constant BX_DOL_SPLASH_VIS_INDEX already defined	File: header.inc.php	Line: 101	
2015-11-06 20:19:06 (GMT)	8 Notice	Constant BX_DOL_SPLASH_VIS_ALL already defined	File: header.inc.php	Line: 102	
2015-11-06 20:19:06 (GMT)	8 Notice	Constant CHECK_DOLPHIN_REQUIREMENTS already defined	File: header.inc.php	Line: 104	
2015-11-06 20:19:06 (GMT)	8 Notice	Undefined index:  memberID	File: config.php	Line: 42	
2015-11-06 20:19:06 (GMT)	2 Warning	mysql_fetch_array(): supplied argument is not a valid MySQL result resource	File: config.php	Line: 43	
2015-11-06 20:19:06 (GMT)	8 Notice	Constant USER_FILE_PATH already defined	File: config.php	Line: 44	
2015-11-06 20:19:06 (GMT)	8 Notice	Undefined index:  memberID	File: config.php	Line: 50	
2015-11-06 20:19:06 (GMT)	8 Notice	Undefined index:  memberID	File: config.php	Line: 70	
2015-11-06 20:19:06 (GMT)	8 Notice	Undefined index:  memberID	File: config.php	Line: 80	
2015-11-06 20:19:06 (GMT)	2 Warning	readfile(/var/www/html/pf/media/users/DSC_0948.JPG) [<a href='function.readfile'>function.readfile</a>]: failed to open stream: No such file or directory	File: ImageManagerPlugin.php	Line: 1005	
