2012-01-30 16:59:09 (EST)	2 Warning	opendir(/var/www/html/pf/media/users/0/images/) [<a href='function.opendir'>function.opendir</a>]: failed to open dir: No such file or directory	File: edit.php	Line: 243	
2012-01-30 16:59:09 (EST)	2 Warning	readdir(): supplied argument is not a valid Directory resource	File: edit.php	Line: 245	
2012-01-30 16:59:09 (EST)	2 Warning	closedir(): supplied argument is not a valid Directory resource	File: edit.php	Line: 283	
2012-01-30 16:59:09 (EST)	2 Warning	opendir(/var/www/html/pf/media/users/0/images/) [<a href='function.opendir'>function.opendir</a>]: failed to open dir: No such file or directory	File: fns_tinybrowser.php	Line: 363	
2012-01-30 16:59:09 (EST)	2 Warning	readdir(): supplied argument is not a valid Directory resource	File: fns_tinybrowser.php	Line: 364	
2012-01-30 16:59:09 (EST)	2 Warning	closedir(): supplied argument is not a valid Directory resource	File: fns_tinybrowser.php	Line: 380	
2012-01-30 17:28:20 (EST)	2 Warning	opendir(/var/www/html/pf/media/users/0/images/) [<a href='function.opendir'>function.opendir</a>]: failed to open dir: No such file or directory	File: fns_tinybrowser.php	Line: 363	
2012-01-30 17:28:20 (EST)	2 Warning	readdir(): supplied argument is not a valid Directory resource	File: fns_tinybrowser.php	Line: 364	
2012-01-30 17:28:20 (EST)	2 Warning	closedir(): supplied argument is not a valid Directory resource	File: fns_tinybrowser.php	Line: 380	
2012-01-30 17:28:20 (EST)	8 Notice	Undefined index:  type	File: upload.php	Line: 46	
2012-01-30 17:28:20 (EST)	8 Notice	Undefined index:  type	File: upload.php	Line: 58	
2012-01-30 17:28:20 (EST)	8 Notice	Undefined index:  	File: upload.php	Line: 58	
2012-01-30 17:28:20 (EST)	8 Notice	Undefined variable: filestr	File: upload.php	Line: 59	
2012-01-30 17:28:20 (EST)	8 Notice	Undefined index:  type	File: upload.php	Line: 59	
2012-01-30 17:28:20 (EST)	8 Notice	Undefined index:  	File: upload.php	Line: 59	
2012-01-30 17:28:20 (EST)	8 Notice	Undefined index:  type	File: upload.php	Line: 120	
2012-01-30 17:28:20 (EST)	8 Notice	Undefined index:  	File: upload.php	Line: 120	
2012-01-30 17:49:00 (EST)	8 Notice	Undefined index:  obfuscate	File: upload_file.php	Line: 12	
2012-01-30 18:09:45 (EST)	8 Notice	Undefined index:  folder	File: upload_process.php	Line: 17	
2012-01-30 18:09:45 (EST)	8 Notice	Undefined index:  type	File: upload_process.php	Line: 18	
2012-01-30 18:09:45 (EST)	8 Notice	Undefined index:  	File: upload_process.php	Line: 18	
2012-01-30 18:09:45 (EST)	8 Notice	Undefined index:  folder	File: upload_process.php	Line: 18	
2012-01-30 18:09:45 (EST)	8 Notice	Undefined index:  type	File: upload_process.php	Line: 86	
2012-01-30 18:09:47 (EST)	8 Notice	Undefined index:  	File: upload.php	Line: 58	
2012-01-30 18:09:47 (EST)	8 Notice	Undefined variable: filestr	File: upload.php	Line: 59	
2012-01-30 18:09:47 (EST)	8 Notice	Undefined index:  	File: upload.php	Line: 59	
2012-01-30 18:09:47 (EST)	8 Notice	Undefined index:  	File: upload.php	Line: 120	
2012-03-27 15:22:04 (EDT)	8 Notice	Undefined index:  obfuscate	File: upload_file.php	Line: 12	
2012-05-30 22:28:43 (EDT)	2 Warning	imagecreatefromgif() [<a href='function.imagecreatefromgif'>function.imagecreatefromgif</a>]: '/var/www/html/pf/media/users/0/images/b0t.php.orion' is not a valid GIF file	File: fns_tinybrowser.php	Line: 157	
2012-05-30 22:28:43 (EDT)	2 Warning	imagesx(): supplied argument is not a valid Image resource	File: fns_tinybrowser.php	Line: 49	
2012-05-30 22:28:43 (EDT)	2 Warning	imagesy(): supplied argument is not a valid Image resource	File: fns_tinybrowser.php	Line: 50	
2012-05-30 22:28:43 (EDT)	2 Warning	imagegif(): supplied argument is not a valid Image resource	File: fns_tinybrowser.php	Line: 137	
2012-05-30 22:28:43 (EDT)	2 Warning	imagedestroy(): supplied argument is not a valid Image resource	File: upload_process.php	Line: 64	
2012-05-30 22:28:43 (EDT)	2 Warning	imagecreatefromgif() [<a href='function.imagecreatefromgif'>function.imagecreatefromgif</a>]: '/var/www/html/pf/media/users/0/images/b0t.php.orion' is not a valid GIF file	File: fns_tinybrowser.php	Line: 157	
2012-05-30 22:28:43 (EDT)	2 Warning	imagesx(): supplied argument is not a valid Image resource	File: fns_tinybrowser.php	Line: 49	
2012-05-30 22:28:43 (EDT)	2 Warning	imagesy(): supplied argument is not a valid Image resource	File: fns_tinybrowser.php	Line: 50	
2012-05-30 22:28:43 (EDT)	2 Warning	imagegif(): supplied argument is not a valid Image resource	File: fns_tinybrowser.php	Line: 137	
2012-05-30 22:28:43 (EDT)	2 Warning	imagedestroy(): supplied argument is not a valid Image resource	File: upload_process.php	Line: 74	
2012-05-30 22:39:13 (EDT)	8 Notice	Undefined index:  type	File: 4u5hu64h5u6h4u65.php	Line: 46	
2012-05-30 22:39:13 (EDT)	8 Notice	Undefined index:  type	File: 4u5hu64h5u6h4u65.php	Line: 58	
2012-05-30 22:39:13 (EDT)	8 Notice	Undefined index:  	File: 4u5hu64h5u6h4u65.php	Line: 58	
2012-05-30 22:39:13 (EDT)	8 Notice	Undefined variable: filestr	File: 4u5hu64h5u6h4u65.php	Line: 59	
2012-05-30 22:39:13 (EDT)	8 Notice	Undefined index:  type	File: 4u5hu64h5u6h4u65.php	Line: 59	
2012-05-30 22:39:13 (EDT)	8 Notice	Undefined index:  	File: 4u5hu64h5u6h4u65.php	Line: 59	
2012-05-30 22:39:13 (EDT)	8 Notice	Undefined index:  type	File: 4u5hu64h5u6h4u65.php	Line: 120	
2012-05-30 22:39:13 (EDT)	8 Notice	Undefined index:  	File: 4u5hu64h5u6h4u65.php	Line: 120	
2012-08-22 05:58:56 (EDT)	8 Notice	Undefined index:  obfuscate	File: upload_file.php	Line: 12	
2012-11-14 18:03:04 (EST)	8 Notice	Undefined index:  type	File: 4u5hu64h5u6h4u65.php	Line: 46	
2012-11-14 18:03:04 (EST)	8 Notice	Undefined index:  type	File: 4u5hu64h5u6h4u65.php	Line: 58	
2012-11-14 18:03:04 (EST)	8 Notice	Undefined index:  	File: 4u5hu64h5u6h4u65.php	Line: 58	
2012-11-14 18:03:04 (EST)	8 Notice	Undefined variable: filestr	File: 4u5hu64h5u6h4u65.php	Line: 59	
2012-11-14 18:03:04 (EST)	8 Notice	Undefined index:  type	File: 4u5hu64h5u6h4u65.php	Line: 59	
2012-11-14 18:03:04 (EST)	8 Notice	Undefined index:  	File: 4u5hu64h5u6h4u65.php	Line: 59	
2012-11-14 18:03:04 (EST)	8 Notice	Undefined index:  type	File: 4u5hu64h5u6h4u65.php	Line: 120	
2012-11-14 18:03:04 (EST)	8 Notice	Undefined index:  	File: 4u5hu64h5u6h4u65.php	Line: 120	
2012-11-14 18:03:21 (EST)	2 Warning	imagecreatefromgif() [<a href='function.imagecreatefromgif'>function.imagecreatefromgif</a>]: '/var/www/html/pf/media/users/0/images/4.gif' is not a valid GIF file	File: fns_tinybrowser.php	Line: 157	
2012-11-14 18:03:21 (EST)	2 Warning	imagesx(): supplied argument is not a valid Image resource	File: fns_tinybrowser.php	Line: 49	
2012-11-14 18:03:21 (EST)	2 Warning	imagesy(): supplied argument is not a valid Image resource	File: fns_tinybrowser.php	Line: 50	
2012-11-14 18:03:21 (EST)	2 Warning	imagegif(): supplied argument is not a valid Image resource	File: fns_tinybrowser.php	Line: 137	
2012-11-14 18:03:21 (EST)	2 Warning	imagedestroy(): supplied argument is not a valid Image resource	File: upload_process.php	Line: 64	
2012-11-14 18:03:21 (EST)	2 Warning	imagecreatefromgif() [<a href='function.imagecreatefromgif'>function.imagecreatefromgif</a>]: '/var/www/html/pf/media/users/0/images/4.gif' is not a valid GIF file	File: fns_tinybrowser.php	Line: 157	
2012-11-14 18:03:21 (EST)	2 Warning	imagesx(): supplied argument is not a valid Image resource	File: fns_tinybrowser.php	Line: 49	
2012-11-14 18:03:21 (EST)	2 Warning	imagesy(): supplied argument is not a valid Image resource	File: fns_tinybrowser.php	Line: 50	
2012-11-14 18:03:21 (EST)	2 Warning	imagegif(): supplied argument is not a valid Image resource	File: fns_tinybrowser.php	Line: 137	
2012-11-14 18:03:21 (EST)	2 Warning	imagedestroy(): supplied argument is not a valid Image resource	File: upload_process.php	Line: 74	
