Array
(
    [action] => language
    [lang] => en
    [memberSession] => WrJ84r8SkyEBtdAXQFkDvkFRHmNW=Twx
    [PHPSESSID] => 0nmd1olr6vipq6q5bmrserd9r1
    [__utmt] => 1
    [memberID] => 59
    [memberPassword] => 61d0bc33583a400ad7cd5898843250f2d588b4d1
    [Deano] => Deanotools
    [_ga] => GA1.2.65817947.1423741457
    [_gat] => 1
    [__utma] => 55972394.65817947.1423741457.1424172763.1424175957.6
    [__utmb] => 55972394.10.10.1424175957
    [__utmc] => 55972394
    [__utmz] => 55972394.1424099061.1.1.utmcsr=(direct)|utmccn=(direct)|utmcmd=(none)
)
Array
(
    [action] => PluginJs
    [lang] => en
    [memberSession] => WrJ84r8SkyEBtdAXQFkDvkFRHmNW=Twx
    [PHPSESSID] => 0nmd1olr6vipq6q5bmrserd9r1
    [__utmt] => 1
    [memberID] => 59
    [memberPassword] => 61d0bc33583a400ad7cd5898843250f2d588b4d1
    [Deano] => Deanotools
    [_ga] => GA1.2.65817947.1423741457
    [_gat] => 1
    [__utma] => 55972394.65817947.1423741457.1424172763.1424175957.6
    [__utmb] => 55972394.10.10.1424175957
    [__utmc] => 55972394
    [__utmz] => 55972394.1424099061.1.1.utmcsr=(direct)|utmccn=(direct)|utmcmd=(none)
)
Array
(
    [json] => {"id":"i0","method":"listRoots","params":[],"jsonrpc":"2.0"}
    [lang] => en
    [memberSession] => WrJ84r8SkyEBtdAXQFkDvkFRHmNW=Twx
    [PHPSESSID] => 0nmd1olr6vipq6q5bmrserd9r1
    [__utmt] => 1
    [memberID] => 59
    [memberPassword] => 61d0bc33583a400ad7cd5898843250f2d588b4d1
    [Deano] => Deanotools
    [_ga] => GA1.2.65817947.1423741457
    [_gat] => 1
    [__utma] => 55972394.65817947.1423741457.1424172763.1424175957.6
    [__utmb] => 55972394.10.10.1424175957
    [__utmc] => 55972394
    [__utmz] => 55972394.1424099061.1.1.utmcsr=(direct)|utmccn=(direct)|utmcmd=(none)
)
Array
(
    [json] => {"id":"i1","method":"listFiles","params":{"url":"http://www.parentfinder.com/","path":"/MarkLetty","filter":"","lastPath":null},"jsonrpc":"2.0"}
    [lang] => en
    [memberSession] => WrJ84r8SkyEBtdAXQFkDvkFRHmNW=Twx
    [PHPSESSID] => 0nmd1olr6vipq6q5bmrserd9r1
    [__utmt] => 1
    [memberID] => 59
    [memberPassword] => 61d0bc33583a400ad7cd5898843250f2d588b4d1
    [Deano] => Deanotools
    [_ga] => GA1.2.65817947.1423741457
    [_gat] => 1
    [__utma] => 55972394.65817947.1423741457.1424172763.1424175957.6
    [__utmb] => 55972394.10.10.1424175957
    [__utmc] => 55972394
    [__utmz] => 55972394.1424099061.1.1.utmcsr=(direct)|utmccn=(direct)|utmcmd=(none)
)
Array
(
    [action] => streamfile
    [stream] => true
    [path] => /MarkLetty/baby1.jpg
    [thumb] => true
    [u] => 123484
    [lang] => en
    [memberSession] => WrJ84r8SkyEBtdAXQFkDvkFRHmNW=Twx
    [PHPSESSID] => 0nmd1olr6vipq6q5bmrserd9r1
    [__utmt] => 1
    [memberID] => 59
    [memberPassword] => 61d0bc33583a400ad7cd5898843250f2d588b4d1
    [Deano] => Deanotools
    [_ga] => GA1.2.65817947.1423741457
    [_gat] => 1
    [__utma] => 55972394.65817947.1423741457.1424172763.1424175957.6
    [__utmb] => 55972394.10.10.1424175957
    [__utmc] => 55972394
    [__utmz] => 55972394.1424099061.1.1.utmcsr=(direct)|utmccn=(direct)|utmcmd=(none)
)
Array
(
    [action] => streamfile
    [stream] => true
    [path] => /MarkLetty/!@#%^&(){}.jpg
    [thumb] => true
    [u] => 7821
    [lang] => en
    [memberSession] => WrJ84r8SkyEBtdAXQFkDvkFRHmNW=Twx
    [PHPSESSID] => 0nmd1olr6vipq6q5bmrserd9r1
    [__utmt] => 1
    [memberID] => 59
    [memberPassword] => 61d0bc33583a400ad7cd5898843250f2d588b4d1
    [Deano] => Deanotools
    [_ga] => GA1.2.65817947.1423741457
    [_gat] => 1
    [__utma] => 55972394.65817947.1423741457.1424172763.1424175957.6
    [__utmb] => 55972394.10.10.1424175957
    [__utmc] => 55972394
    [__utmz] => 55972394.1424099061.1.1.utmcsr=(direct)|utmccn=(direct)|utmcmd=(none)
)
Array
(
    [action] => streamfile
    [stream] => true
    [path] => /MarkLetty/100_5440.JPG
    [thumb] => true
    [u] => 2203958
    [lang] => en
    [memberSession] => WrJ84r8SkyEBtdAXQFkDvkFRHmNW=Twx
    [PHPSESSID] => 0nmd1olr6vipq6q5bmrserd9r1
    [__utmt] => 1
    [memberID] => 59
    [memberPassword] => 61d0bc33583a400ad7cd5898843250f2d588b4d1
    [Deano] => Deanotools
    [_ga] => GA1.2.65817947.1423741457
    [_gat] => 1
    [__utma] => 55972394.65817947.1423741457.1424172763.1424175957.6
    [__utmb] => 55972394.10.10.1424175957
    [__utmc] => 55972394
    [__utmz] => 55972394.1424099061.1.1.utmcsr=(direct)|utmccn=(direct)|utmcmd=(none)
)
Array
(
    [action] => streamfile
    [stream] => true
    [path] => /MarkLetty/images (5).jpg
    [thumb] => true
    [u] => 5513
    [lang] => en
    [memberSession] => WrJ84r8SkyEBtdAXQFkDvkFRHmNW=Twx
    [PHPSESSID] => 0nmd1olr6vipq6q5bmrserd9r1
    [__utmt] => 1
    [memberID] => 59
    [memberPassword] => 61d0bc33583a400ad7cd5898843250f2d588b4d1
    [Deano] => Deanotools
    [_ga] => GA1.2.65817947.1423741457
    [_gat] => 1
    [__utma] => 55972394.65817947.1423741457.1424172763.1424175957.6
    [__utmb] => 55972394.10.10.1424175957
    [__utmc] => 55972394
    [__utmz] => 55972394.1424099061.1.1.utmcsr=(direct)|utmccn=(direct)|utmcmd=(none)
)
Array
(
    [action] => streamfile
    [stream] => true
    [path] => /MarkLetty/download (6).jpg
    [thumb] => true
    [u] => 5063
    [lang] => en
    [memberSession] => WrJ84r8SkyEBtdAXQFkDvkFRHmNW=Twx
    [PHPSESSID] => 0nmd1olr6vipq6q5bmrserd9r1
    [__utmt] => 1
    [memberID] => 59
    [memberPassword] => 61d0bc33583a400ad7cd5898843250f2d588b4d1
    [Deano] => Deanotools
    [_ga] => GA1.2.65817947.1423741457
    [_gat] => 1
    [__utma] => 55972394.65817947.1423741457.1424172763.1424175957.6
    [__utmb] => 55972394.10.10.1424175957
    [__utmc] => 55972394
    [__utmz] => 55972394.1424099061.1.1.utmcsr=(direct)|utmccn=(direct)|utmcmd=(none)
)
Array
(
    [action] => streamfile
    [stream] => true
    [path] => /MarkLetty/Hydrangeas.jpg
    [thumb] => true
    [u] => 595284
    [lang] => en
    [memberSession] => WrJ84r8SkyEBtdAXQFkDvkFRHmNW=Twx
    [PHPSESSID] => 0nmd1olr6vipq6q5bmrserd9r1
    [__utmt] => 1
    [memberID] => 59
    [memberPassword] => 61d0bc33583a400ad7cd5898843250f2d588b4d1
    [Deano] => Deanotools
    [_ga] => GA1.2.65817947.1423741457
    [_gat] => 1
    [__utma] => 55972394.65817947.1423741457.1424172763.1424175957.6
    [__utmb] => 55972394.10.10.1424175957
    [__utmc] => 55972394
    [__utmz] => 55972394.1424099061.1.1.utmcsr=(direct)|utmccn=(direct)|utmcmd=(none)
)
Array
(
    [action] => streamfile
    [stream] => true
    [path] => /MarkLetty/Baby-Wallpapers.jpg
    [thumb] => true
    [u] => 114666
    [lang] => en
    [memberSession] => WrJ84r8SkyEBtdAXQFkDvkFRHmNW=Twx
    [PHPSESSID] => 0nmd1olr6vipq6q5bmrserd9r1
    [__utmt] => 1
    [memberID] => 59
    [memberPassword] => 61d0bc33583a400ad7cd5898843250f2d588b4d1
    [Deano] => Deanotools
    [_ga] => GA1.2.65817947.1423741457
    [_gat] => 1
    [__utma] => 55972394.65817947.1423741457.1424172763.1424175957.6
    [__utmb] => 55972394.10.10.1424175957
    [__utmc] => 55972394
    [__utmz] => 55972394.1424099061.1.1.utmcsr=(direct)|utmccn=(direct)|utmcmd=(none)
)
Array
(
    [action] => streamfile
    [stream] => true
    [path] => /MarkLetty/cc.jpg
    [thumb] => true
    [u] => 104919
    [lang] => en
    [memberSession] => WrJ84r8SkyEBtdAXQFkDvkFRHmNW=Twx
    [PHPSESSID] => 0nmd1olr6vipq6q5bmrserd9r1
    [__utmt] => 1
    [memberID] => 59
    [memberPassword] => 61d0bc33583a400ad7cd5898843250f2d588b4d1
    [Deano] => Deanotools
    [_ga] => GA1.2.65817947.1423741457
    [_gat] => 1
    [__utma] => 55972394.65817947.1423741457.1424172763.1424175957.6
    [__utmb] => 55972394.10.10.1424175957
    [__utmc] => 55972394
    [__utmz] => 55972394.1424099061.1.1.utmcsr=(direct)|utmccn=(direct)|utmcmd=(none)
)
Array
(
    [action] => streamfile
    [stream] => true
    [path] => /MarkLetty/boating.jpg
    [thumb] => true
    [u] => 389280
    [lang] => en
    [memberSession] => WrJ84r8SkyEBtdAXQFkDvkFRHmNW=Twx
    [PHPSESSID] => 0nmd1olr6vipq6q5bmrserd9r1
    [__utmt] => 1
    [memberID] => 59
    [memberPassword] => 61d0bc33583a400ad7cd5898843250f2d588b4d1
    [Deano] => Deanotools
    [_ga] => GA1.2.65817947.1423741457
    [_gat] => 1
    [__utma] => 55972394.65817947.1423741457.1424172763.1424175957.6
    [__utmb] => 55972394.10.10.1424175957
    [__utmc] => 55972394
    [__utmz] => 55972394.1424099061.1.1.utmcsr=(direct)|utmccn=(direct)|utmcmd=(none)
)
Array
(
    [action] => streamfile
    [stream] => true
    [path] => /MarkLetty/images (3).jpg
    [thumb] => true
    [u] => 8440
    [lang] => en
    [memberSession] => WrJ84r8SkyEBtdAXQFkDvkFRHmNW=Twx
    [PHPSESSID] => 0nmd1olr6vipq6q5bmrserd9r1
    [__utmt] => 1
    [memberID] => 59
    [memberPassword] => 61d0bc33583a400ad7cd5898843250f2d588b4d1
    [Deano] => Deanotools
    [_ga] => GA1.2.65817947.1423741457
    [_gat] => 1
    [__utma] => 55972394.65817947.1423741457.1424172763.1424175957.6
    [__utmb] => 55972394.10.10.1424175957
    [__utmc] => 55972394
    [__utmz] => 55972394.1424099061.1.1.utmcsr=(direct)|utmccn=(direct)|utmcmd=(none)
)
Array
(
    [action] => streamfile
    [stream] => true
    [path] => /MarkLetty/Desert.jpg
    [thumb] => true
    [u] => 845941
    [lang] => en
    [memberSession] => WrJ84r8SkyEBtdAXQFkDvkFRHmNW=Twx
    [PHPSESSID] => 0nmd1olr6vipq6q5bmrserd9r1
    [__utmt] => 1
    [memberID] => 59
    [memberPassword] => 61d0bc33583a400ad7cd5898843250f2d588b4d1
    [Deano] => Deanotools
    [_ga] => GA1.2.65817947.1423741457
    [_gat] => 1
    [__utma] => 55972394.65817947.1423741457.1424172763.1424175957.6
    [__utmb] => 55972394.10.10.1424175957
    [__utmc] => 55972394
    [__utmz] => 55972394.1424099061.1.1.utmcsr=(direct)|utmccn=(direct)|utmcmd=(none)
)
Array
(
    [action] => streamfile
    [stream] => true
    [path] => /MarkLetty/download (1).jpeg
    [thumb] => true
    [u] => 9901
    [lang] => en
    [memberSession] => WrJ84r8SkyEBtdAXQFkDvkFRHmNW=Twx
    [PHPSESSID] => 0nmd1olr6vipq6q5bmrserd9r1
    [__utmt] => 1
    [memberID] => 59
    [memberPassword] => 61d0bc33583a400ad7cd5898843250f2d588b4d1
    [Deano] => Deanotools
    [_ga] => GA1.2.65817947.1423741457
    [_gat] => 1
    [__utma] => 55972394.65817947.1423741457.1424172763.1424175957.6
    [__utmb] => 55972394.10.10.1424175957
    [__utmc] => 55972394
    [__utmz] => 55972394.1424099061.1.1.utmcsr=(direct)|utmccn=(direct)|utmcmd=(none)
)
Array
(
    [action] => streamfile
    [stream] => true
    [path] => /MarkLetty/baby-carry-sling-13.jpg
    [thumb] => true
    [u] => 32962
    [lang] => en
    [memberSession] => WrJ84r8SkyEBtdAXQFkDvkFRHmNW=Twx
    [PHPSESSID] => 0nmd1olr6vipq6q5bmrserd9r1
    [__utmt] => 1
    [memberID] => 59
    [memberPassword] => 61d0bc33583a400ad7cd5898843250f2d588b4d1
    [Deano] => Deanotools
    [_ga] => GA1.2.65817947.1423741457
    [_gat] => 1
    [__utma] => 55972394.65817947.1423741457.1424172763.1424175957.6
    [__utmb] => 55972394.10.10.1424175957
    [__utmc] => 55972394
    [__utmz] => 55972394.1424099061.1.1.utmcsr=(direct)|utmccn=(direct)|utmcmd=(none)
)
Array
(
    [action] => streamfile
    [stream] => true
    [path] => /MarkLetty/creme_brelee.jpg
    [thumb] => true
    [u] => 15438
    [lang] => en
    [memberSession] => WrJ84r8SkyEBtdAXQFkDvkFRHmNW=Twx
    [PHPSESSID] => 0nmd1olr6vipq6q5bmrserd9r1
    [__utmt] => 1
    [memberID] => 59
    [memberPassword] => 61d0bc33583a400ad7cd5898843250f2d588b4d1
    [Deano] => Deanotools
    [_ga] => GA1.2.65817947.1423741457
    [_gat] => 1
    [__utma] => 55972394.65817947.1423741457.1424172763.1424175957.6
    [__utmb] => 55972394.10.10.1424175957
    [__utmc] => 55972394
    [__utmz] => 55972394.1424099061.1.1.utmcsr=(direct)|utmccn=(direct)|utmcmd=(none)
)
Array
(
    [action] => streamfile
    [stream] => true
    [path] => /MarkLetty/baby.jpg
    [thumb] => true
    [u] => 87243
    [lang] => en
    [memberSession] => WrJ84r8SkyEBtdAXQFkDvkFRHmNW=Twx
    [PHPSESSID] => 0nmd1olr6vipq6q5bmrserd9r1
    [__utmt] => 1
    [memberID] => 59
    [memberPassword] => 61d0bc33583a400ad7cd5898843250f2d588b4d1
    [Deano] => Deanotools
    [_ga] => GA1.2.65817947.1423741457
    [_gat] => 1
    [__utma] => 55972394.65817947.1423741457.1424172763.1424175957.6
    [__utmb] => 55972394.10.10.1424175957
    [__utmc] => 55972394
    [__utmz] => 55972394.1424099061.1.1.utmcsr=(direct)|utmccn=(direct)|utmcmd=(none)
)
Array
(
    [action] => streamfile
    [stream] => true
    [path] => /MarkLetty/Jam photo.jpg
    [thumb] => true
    [u] => 350767
    [lang] => en
    [memberSession] => WrJ84r8SkyEBtdAXQFkDvkFRHmNW=Twx
    [PHPSESSID] => 0nmd1olr6vipq6q5bmrserd9r1
    [__utmt] => 1
    [memberID] => 59
    [memberPassword] => 61d0bc33583a400ad7cd5898843250f2d588b4d1
    [Deano] => Deanotools
    [_ga] => GA1.2.65817947.1423741457
    [_gat] => 1
    [__utma] => 55972394.65817947.1423741457.1424172763.1424175957.6
    [__utmb] => 55972394.10.10.1424175957
    [__utmc] => 55972394
    [__utmz] => 55972394.1424099061.1.1.utmcsr=(direct)|utmccn=(direct)|utmcmd=(none)
)
Array
(
    [action] => streamfile
    [stream] => true
    [path] => /MarkLetty/download (4).jpg
    [thumb] => true
    [u] => 6035
    [lang] => en
    [memberSession] => WrJ84r8SkyEBtdAXQFkDvkFRHmNW=Twx
    [PHPSESSID] => 0nmd1olr6vipq6q5bmrserd9r1
    [__utmt] => 1
    [memberID] => 59
    [memberPassword] => 61d0bc33583a400ad7cd5898843250f2d588b4d1
    [Deano] => Deanotools
    [_ga] => GA1.2.65817947.1423741457
    [_gat] => 1
    [__utma] => 55972394.65817947.1423741457.1424172763.1424175957.6
    [__utmb] => 55972394.10.10.1424175957
    [__utmc] => 55972394
    [__utmz] => 55972394.1424099061.1.1.utmcsr=(direct)|utmccn=(direct)|utmcmd=(none)
)
Array
(
    [action] => streamfile
    [stream] => true
    [path] => /MarkLetty/2013-05-06_11.58.22.jpg
    [thumb] => true
    [u] => 3232972
    [lang] => en
    [memberSession] => WrJ84r8SkyEBtdAXQFkDvkFRHmNW=Twx
    [PHPSESSID] => 0nmd1olr6vipq6q5bmrserd9r1
    [__utmt] => 1
    [memberID] => 59
    [memberPassword] => 61d0bc33583a400ad7cd5898843250f2d588b4d1
    [Deano] => Deanotools
    [_ga] => GA1.2.65817947.1423741457
    [_gat] => 1
    [__utma] => 55972394.65817947.1423741457.1424172763.1424175957.6
    [__utmb] => 55972394.10.10.1424175957
    [__utmc] => 55972394
    [__utmz] => 55972394.1424099061.1.1.utmcsr=(direct)|utmccn=(direct)|utmcmd=(none)
)
Array
(
    [action] => streamfile
    [stream] => true
    [path] => /MarkLetty/kids2.jpg
    [thumb] => true
    [u] => 5946858
    [lang] => en
    [memberSession] => WrJ84r8SkyEBtdAXQFkDvkFRHmNW=Twx
    [PHPSESSID] => 0nmd1olr6vipq6q5bmrserd9r1
    [__utmt] => 1
    [memberID] => 59
    [memberPassword] => 61d0bc33583a400ad7cd5898843250f2d588b4d1
    [Deano] => Deanotools
    [_ga] => GA1.2.65817947.1423741457
    [_gat] => 1
    [__utma] => 55972394.65817947.1423741457.1424172763.1424175957.6
    [__utmb] => 55972394.10.10.1424175957
    [__utmc] => 55972394
    [__utmz] => 55972394.1424099061.1.1.utmcsr=(direct)|utmccn=(direct)|utmcmd=(none)
)
Array
(
    [action] => streamfile
    [stream] => true
    [path] => /MarkLetty/kidsandI.jpg
    [thumb] => true
    [u] => 541115
    [lang] => en
    [memberSession] => WrJ84r8SkyEBtdAXQFkDvkFRHmNW=Twx
    [PHPSESSID] => 0nmd1olr6vipq6q5bmrserd9r1
    [__utmt] => 1
    [memberID] => 59
    [memberPassword] => 61d0bc33583a400ad7cd5898843250f2d588b4d1
    [Deano] => Deanotools
    [_ga] => GA1.2.65817947.1423741457
    [_gat] => 1
    [__utma] => 55972394.65817947.1423741457.1424172763.1424175957.6
    [__utmb] => 55972394.10.10.1424175957
    [__utmc] => 55972394
    [__utmz] => 55972394.1424099061.1.1.utmcsr=(direct)|utmccn=(direct)|utmcmd=(none)
)
Array
(
    [action] => streamfile
    [stream] => true
    [path] => /MarkLetty/Martin6.jpg
    [thumb] => true
    [u] => 80119
    [lang] => en
    [memberSession] => WrJ84r8SkyEBtdAXQFkDvkFRHmNW=Twx
    [PHPSESSID] => 0nmd1olr6vipq6q5bmrserd9r1
    [__utmt] => 1
    [memberID] => 59
    [memberPassword] => 61d0bc33583a400ad7cd5898843250f2d588b4d1
    [Deano] => Deanotools
    [_ga] => GA1.2.65817947.1423741457
    [_gat] => 1
    [__utma] => 55972394.65817947.1423741457.1424172763.1424175957.6
    [__utmb] => 55972394.10.10.1424175957
    [__utmc] => 55972394
    [__utmz] => 55972394.1424099061.1.1.utmcsr=(direct)|utmccn=(direct)|utmcmd=(none)
)
Array
(
    [action] => streamfile
    [stream] => true
    [path] => /MarkLetty/matthew_with_hat.jpg
    [thumb] => true
    [u] => 921404
    [lang] => en
    [memberSession] => WrJ84r8SkyEBtdAXQFkDvkFRHmNW=Twx
    [PHPSESSID] => 0nmd1olr6vipq6q5bmrserd9r1
    [__utmt] => 1
    [memberID] => 59
    [memberPassword] => 61d0bc33583a400ad7cd5898843250f2d588b4d1
    [Deano] => Deanotools
    [_ga] => GA1.2.65817947.1423741457
    [_gat] => 1
    [__utma] => 55972394.65817947.1423741457.1424172763.1424175957.6
    [__utmb] => 55972394.10.10.1424175957
    [__utmc] => 55972394
    [__utmz] => 55972394.1424099061.1.1.utmcsr=(direct)|utmccn=(direct)|utmcmd=(none)
)
Array
(
    [action] => streamfile
    [stream] => true
    [path] => /MarkLetty/matthew_with_hat2.jpg
    [thumb] => true
    [u] => 21450
    [lang] => en
    [memberSession] => WrJ84r8SkyEBtdAXQFkDvkFRHmNW=Twx
    [PHPSESSID] => 0nmd1olr6vipq6q5bmrserd9r1
    [__utmt] => 1
    [memberID] => 59
    [memberPassword] => 61d0bc33583a400ad7cd5898843250f2d588b4d1
    [Deano] => Deanotools
    [_ga] => GA1.2.65817947.1423741457
    [_gat] => 1
    [__utma] => 55972394.65817947.1423741457.1424172763.1424175957.6
    [__utmb] => 55972394.10.10.1424175957
    [__utmc] => 55972394
    [__utmz] => 55972394.1424099061.1.1.utmcsr=(direct)|utmccn=(direct)|utmcmd=(none)
)
Array
(
    [action] => streamfile
    [stream] => true
    [path] => /MarkLetty/new born baby.jpg
    [thumb] => true
    [u] => 39026
    [lang] => en
    [memberSession] => WrJ84r8SkyEBtdAXQFkDvkFRHmNW=Twx
    [PHPSESSID] => 0nmd1olr6vipq6q5bmrserd9r1
    [__utmt] => 1
    [memberID] => 59
    [memberPassword] => 61d0bc33583a400ad7cd5898843250f2d588b4d1
    [Deano] => Deanotools
    [_ga] => GA1.2.65817947.1423741457
    [_gat] => 1
    [__utma] => 55972394.65817947.1423741457.1424172763.1424175957.6
    [__utmb] => 55972394.10.10.1424175957
    [__utmc] => 55972394
    [__utmz] => 55972394.1424099061.1.1.utmcsr=(direct)|utmccn=(direct)|utmcmd=(none)
)
Array
(
    [action] => streamfile
    [stream] => true
    [path] => /MarkLetty/no-img.jpg
    [thumb] => true
    [u] => 3698
    [lang] => en
    [memberSession] => WrJ84r8SkyEBtdAXQFkDvkFRHmNW=Twx
    [PHPSESSID] => 0nmd1olr6vipq6q5bmrserd9r1
    [__utmt] => 1
    [memberID] => 59
    [memberPassword] => 61d0bc33583a400ad7cd5898843250f2d588b4d1
    [Deano] => Deanotools
    [_ga] => GA1.2.65817947.1423741457
    [_gat] => 1
    [__utma] => 55972394.65817947.1423741457.1424172763.1424175957.6
    [__utmb] => 55972394.10.10.1424175957
    [__utmc] => 55972394
    [__utmz] => 55972394.1424099061.1.1.utmcsr=(direct)|utmccn=(direct)|utmcmd=(none)
)
Array
(
    [action] => streamfile
    [stream] => true
    [path] => /MarkLetty/Toboggan 2.JPG
    [thumb] => true
    [u] => 315127
    [lang] => en
    [memberSession] => WrJ84r8SkyEBtdAXQFkDvkFRHmNW=Twx
    [PHPSESSID] => 0nmd1olr6vipq6q5bmrserd9r1
    [__utmt] => 1
    [memberID] => 59
    [memberPassword] => 61d0bc33583a400ad7cd5898843250f2d588b4d1
    [Deano] => Deanotools
    [_ga] => GA1.2.65817947.1423741457
    [_gat] => 1
    [__utma] => 55972394.65817947.1423741457.1424172763.1424175957.6
    [__utmb] => 55972394.10.10.1424175957
    [__utmc] => 55972394
    [__utmz] => 55972394.1424099061.1.1.utmcsr=(direct)|utmccn=(direct)|utmcmd=(none)
)
