2012-03-19 18:32:34	Cannot complete query (query): Duplicate entry 'patrickrebeccaadoption-86' for key 'PRIMARY'
2012-10-23 15:47:28	Cannot complete query (query): Duplicate entry 'admin-207' for key 'PRIMARY'
2013-01-13 22:24:01	Cannot complete query (query): Table 'pfcomm.bx_forum_report' doesn't exist
2013-01-13 22:24:01	Cannot complete query (query): Table 'pfcomm.bx_forum_report' doesn't exist
2013-01-13 22:24:01	Cannot complete query (query): Table 'pfcomm.bx_forum_report' doesn't exist
2013-01-13 22:24:01	Cannot complete query (query): Table 'pfcomm.bx_forum_report' doesn't exist
2013-01-13 22:24:20	Cannot complete query (query): Table 'pfcomm.bx_forum_report' doesn't exist
2014-08-12 13:32:50	Cannot complete query (getRow): You have an error in your SQL syntax; check the manual that corresponds to your MySQL server version for the right syntax to use near ''L-Dale-Dove'' LIMIT 1' at line 1
2014-09-26 17:56:36	Cannot complete query [SELECT
                f1.`topic_id`, f1.`topic_uri`, `topic_title`, `first_post_user`, `topic_posts` AS `count_posts`, `topic_sticky`, `topic_locked`,
                `first_post_when` AS `first_when`, `last_post_user`,
                `last_post_when` AS `last_when`, `last_post_when`,
                `tf`.`forum_id`, `tf`.`forum_uri`, `tf`.`forum_title`,
                `tc`.`cat_id`, `tc`.`cat_uri`, `tc`.`cat_name`
            FROM `bx_forum_topic` AS f1
            INNER JOIN `bx_forum` AS `tf` ON (`tf`.`forum_id` = `f1`.`forum_id`)
            INNER JOIN `bx_forum_cat` AS `tc` ON (`tc`.`cat_id` = `tf`.`cat_id`)
            WHERE f1.`topic_hidden` = '0'
            ORDER BY `last_post_when` DESC, f1.`topic_id` DESC
            LIMIT -10, 10] (getAll) : You have an error in your SQL syntax; check the manual that corresponds to your MySQL server version for the right syntax to use near '-10, 10' at line 12
2014-10-07 06:25:33	Cannot complete query (query): Unknown column 'user' in 'where clause'
2014-10-07 06:44:44	Cannot complete query (query): Unknown column 'user' in 'where clause'
2014-10-08 08:24:39	Cannot complete query (query): Unknown column 'user' in 'where clause'
2015-04-07 11:13:09	Cannot complete query (query): Table 'pfcomm.bx_forum_report' doesn't exist
2015-04-07 11:13:09	Cannot complete query (query): Table 'pfcomm.bx_forum_report' doesn't exist
2015-04-07 11:13:09	Cannot complete query (query): Table 'pfcomm.bx_forum_report' doesn't exist
2015-04-07 11:13:09	Cannot complete query (query): Table 'pfcomm.bx_forum_report' doesn't exist
2015-04-07 11:13:09	Cannot complete query (query): Table 'pfcomm.bx_forum_report' doesn't exist
2015-04-07 11:13:09	Cannot complete query (query): Table 'pfcomm.bx_forum_report' doesn't exist
2015-04-07 11:13:09	Cannot complete query (query): Table 'pfcomm.bx_forum_report' doesn't exist
